Log file open, 09/05/22 14:28:01
LogWindows: Failed to load 'aqProf.dll' (GetLastError=126)
LogWindows: File 'aqProf.dll' does not exist
LogWindows: Failed to load 'VtuneApi.dll' (GetLastError=126)
LogWindows: File 'VtuneApi.dll' does not exist
LogWindows: Failed to load 'VtuneApi32e.dll' (GetLastError=126)
LogWindows: File 'VtuneApi32e.dll' does not exist
LogConsoleResponse: Display: Failed to find resolution value strings in scalability ini. Falling back to default.
LogConsoleResponse: Display: Failed to find resolution value strings in scalability ini. Falling back to default.
LogInit: Display: Running engine for game: Bae_0905
LogPlatformFile: Not using cached read wrapper
LogTaskGraph: Started task graph with 5 named threads and 23 total threads with 3 sets of task threads.
LogStats: Stats thread started at 0.186904
LogICUInternationalization: ICU TimeZone Detection - Raw Offset: +9:00, Platform Override: ''
LogInit: Display: Loading text-based GConfig....
LogPluginManager: Mounting plugin MegascansPlugin
LogPluginManager: Mounting plugin MeshPainting
LogPluginManager: Mounting plugin XGEController
LogPluginManager: Mounting plugin Paper2D
LogPluginManager: Mounting plugin AISupport
LogPluginManager: Mounting plugin EnvironmentQueryEditor
LogPluginManager: Mounting plugin LiveLink
LogPluginManager: Mounting plugin LightPropagationVolume
LogPluginManager: Mounting plugin CameraShakePreviewer
LogPluginManager: Mounting plugin GameplayCameras
LogPluginManager: Mounting plugin OodleNetwork
LogPluginManager: Mounting plugin OodleData
LogPluginManager: Mounting plugin AnimationSharing
LogPluginManager: Mounting plugin CodeLiteSourceCodeAccess
LogPluginManager: Mounting plugin CLionSourceCodeAccess
LogPluginManager: Mounting plugin GitSourceControl
LogPluginManager: Mounting plugin KDevelopSourceCodeAccess
LogPluginManager: Mounting plugin NullSourceCodeAccess
LogPluginManager: Mounting plugin PerforceSourceControl
LogPluginManager: Mounting plugin PixWinPlugin
LogPluginManager: Mounting plugin PluginUtils
LogPluginManager: Mounting plugin PlasticSourceControl
LogPluginManager: Mounting plugin PropertyAccessNode
LogPluginManager: Mounting plugin SubversionSourceControl
LogPluginManager: Mounting plugin RiderSourceCodeAccess
LogPluginManager: Mounting plugin TextureFormatOodle
LogPluginManager: Mounting plugin UObjectPlugin
LogPluginManager: Mounting plugin VisualStudioSourceCodeAccess
LogPluginManager: Mounting plugin VisualStudioCodeSourceCodeAccess
LogPluginManager: Mounting plugin XCodeSourceCodeAccess
LogPluginManager: Mounting plugin DatasmithContent
LogPluginManager: Mounting plugin VariantManagerContent
LogPluginManager: Mounting plugin Niagara
LogPluginManager: Mounting plugin AndroidMedia
LogPluginManager: Mounting plugin AvfMedia
LogPluginManager: Mounting plugin ImgMedia
LogPluginManager: Mounting plugin MediaCompositing
LogPluginManager: Mounting plugin MediaPlayerEditor
LogPluginManager: Mounting plugin WebMMedia
LogPluginManager: Mounting plugin WmfMedia
LogPluginManager: Mounting plugin LuminPlatformFeatures
LogPluginManager: Mounting plugin MagicLeap
LogPluginManager: Mounting plugin MagicLeapMedia
LogPluginManager: Mounting plugin MagicLeapLightEstimation
LogPluginManager: Mounting plugin MagicLeapPassableWorld
LogPluginManager: Mounting plugin MLSDK
LogPluginManager: Mounting plugin TcpMessaging
LogPluginManager: Mounting plugin UdpMessaging
LogPluginManager: Mounting plugin ActorSequence
LogPluginManager: Mounting plugin LevelSequenceEditor
LogPluginManager: Mounting plugin MatineeToLevelSequence
LogPluginManager: Mounting plugin TemplateSequence
LogPluginManager: Mounting plugin OnlineSubsystem
LogPluginManager: Mounting plugin OnlineSubsystemNull
LogPluginManager: Mounting plugin OnlineSubsystemUtils
LogPluginManager: Mounting plugin LauncherChunkInstaller
LogPluginManager: Mounting plugin ActorLayerUtilities
LogPluginManager: Mounting plugin AndroidDeviceProfileSelector
LogPluginManager: Mounting plugin AndroidPermission
LogPluginManager: Mounting plugin AndroidMoviePlayer
LogPluginManager: Mounting plugin AppleImageUtils
LogPluginManager: Mounting plugin AppleMoviePlayer
LogPluginManager: Mounting plugin ArchVisCharacter
LogPluginManager: Mounting plugin AssetTags
LogPluginManager: Mounting plugin AudioCapture
LogPluginManager: Mounting plugin AudioSynesthesia
LogPluginManager: Mounting plugin CableComponent
LogPluginManager: Mounting plugin ChunkDownloader
LogPluginManager: Mounting plugin CustomMeshComponent
LogPluginManager: Mounting plugin EditableMesh
LogPluginManager: Mounting plugin ExampleDeviceProfileSelector
LogPluginManager: Mounting plugin GoogleCloudMessaging
LogPluginManager: Mounting plugin GooglePAD
LogPluginManager: Mounting plugin ScreenshotTools
LogPluginManager: Mounting plugin IOSDeviceProfileSelector
LogPluginManager: Mounting plugin LinuxDeviceProfileSelector
LogPluginManager: Mounting plugin LocationServicesBPLibrary
LogPluginManager: Mounting plugin MobilePatchingUtils
LogPluginManager: Mounting plugin OpenXREyeTracker
LogPluginManager: Mounting plugin OpenXR
LogPluginManager: Mounting plugin OpenXRHandTracking
LogPluginManager: Mounting plugin PhysXVehicles
LogPluginManager: Mounting plugin Takes
LogPluginManager: Mounting plugin PostSplashScreen
LogPluginManager: Mounting plugin ProceduralMeshComponent
LogPluginManager: Mounting plugin PropertyAccessEditor
LogPluginManager: Mounting plugin RuntimePhysXCooking
LogPluginManager: Mounting plugin SoundFields
LogPluginManager: Mounting plugin SignificanceManager
LogPluginManager: Mounting plugin Synthesis
LogPluginManager: Mounting plugin WebMMoviePlayer
LogPluginManager: Mounting plugin WindowsMoviePlayer
LogPluginManager: Mounting plugin AssetManagerEditor
LogPluginManager: Mounting plugin CryptoKeys
LogPluginManager: Mounting plugin CurveEditorTools
LogPluginManager: Mounting plugin DataValidation
LogPluginManager: Mounting plugin EditorScriptingUtilities
LogPluginManager: Mounting plugin FacialAnimation
LogPluginManager: Mounting plugin GameplayTagsEditor
LogPluginManager: Mounting plugin GeometryMode
LogPluginManager: Mounting plugin MacGraphicsSwitching
LogPluginManager: Mounting plugin MaterialAnalyzer
LogPluginManager: Mounting plugin MobileLauncherProfileWizard
LogPluginManager: Mounting plugin PluginBrowser
LogPluginManager: Mounting plugin SpeedTreeImporter
LogPluginManager: Mounting plugin AlembicImporter
LogPluginManager: Mounting plugin AutomationUtils
LogPluginManager: Mounting plugin BackChannel
LogPluginManager: Mounting plugin ChaosCloth
LogPluginManager: Mounting plugin ChaosClothEditor
LogPluginManager: Mounting plugin ChaosEditor
LogPluginManager: Mounting plugin ChaosNiagara
LogPluginManager: Mounting plugin ChaosSolverPlugin
LogPluginManager: Mounting plugin CharacterAI
LogPluginManager: Mounting plugin GeometryCache
LogPluginManager: Mounting plugin GeometryCollectionPlugin
LogPluginManager: Mounting plugin GeometryProcessing
LogPluginManager: Mounting plugin MotoSynth
LogPluginManager: Mounting plugin OpenImageDenoise
LogPluginManager: Mounting plugin PlanarCut
LogPluginManager: Mounting plugin PythonScriptPlugin
LogPluginManager: Mounting plugin ProxyLODPlugin
LogPluginManager: Mounting plugin PlatformCrypto
LogPluginManager: Mounting plugin SkeletalReduction
LogPluginManager: Mounting plugin OnlineSubsystemGooglePlay
LogPluginManager: Mounting plugin OnlineSubsystemIOS
LogPluginManager: Mounting plugin DatabaseSupport
LogPluginManager: Mounting plugin SQLiteCore
LogPluginManager: Mounting plugin SQLiteSupport
LogPluginManager: Mounting plugin OculusVR
LogPluginManager: Mounting plugin SteamVR
LogPluginManager: Mounting plugin ContentBrowserAssetDataSource
LogPluginManager: Mounting plugin ContentBrowserClassDataSource
LogPluginManager: Mounting plugin ContentBrowserFileDataSource
PixWinPlugin: PIX capture plugin failed to initialize! Check that the process is launched from PIX.
LogInit: Using libcurl 7.55.1-DEV
LogInit:  - built for x86_64-pc-win32
LogInit:  - supports SSL with OpenSSL/1.1.1
LogInit:  - supports HTTP deflate (compression) using libz 1.2.8
LogInit:  - other features:
LogInit:      CURL_VERSION_SSL
LogInit:      CURL_VERSION_LIBZ
LogInit:      CURL_VERSION_IPV6
LogInit:      CURL_VERSION_ASYNCHDNS
LogInit:      CURL_VERSION_LARGEFILE
LogInit:      CURL_VERSION_IDN
LogInit:  CurlRequestOptions (configurable via config and command line):
LogInit:  - bVerifyPeer = true  - Libcurl will verify peer certificate
LogInit:  - bUseHttpProxy = false  - Libcurl will NOT use HTTP proxy
LogInit:  - bDontReuseConnections = false  - Libcurl will reuse connections
LogInit:  - MaxHostConnections = 16  - Libcurl will limit the number of connections to a host
LogInit:  - LocalHostAddr = Default
LogInit:  - BufferSize = 65536
LogOnline: OSS: Creating online subsystem instance for: NULL
LogInit: WinSock: version 1.1 (2.2), MaxSocks=32767, MaxUdp=65467
LogOnline: OSS: TryLoadSubsystemAndSetDefault: Loaded subsystem for module [NULL]
LogOculusPluginWrapper: OculusPlugin initialized successfully
LogHMD: Failed initializing OVRPlugin 1.59.0
LogInit: Build: ++UE4+Release-4.27-CL-18319896
LogInit: Engine Version: 4.27.2-18319896+++UE4+Release-4.27
LogInit: Compatible Engine Version: 4.27.0-17155196+++UE4+Release-4.27
LogInit: Net CL: 17155196
LogInit: OS: Windows 10 (Release 2004) (), CPU: Intel(R) Core(TM) i5-10300H CPU @ 2.50GHz, GPU: Intel(R) UHD Graphics
LogInit: Compiled (64-bit): Nov 30 2021 07:12:08
LogInit: Compiled with Visual C++: 19.24.28315.00
LogInit: Build Configuration: Development
LogInit: Branch Name: ++UE4+Release-4.27
LogInit: Command Line: 
LogInit: Base Directory: C:/Program Files/Epic Games/UE_4.27/Engine/Binaries/Win64/
LogInit: Allocator: TBB
LogInit: Installed Engine Build: 1
LogDevObjectVersion: Number of dev versions registered: 29
LogDevObjectVersion:   Dev-Blueprints (B0D832E4-1F89-4F0D-ACCF-7EB736FD4AA2): 10
LogDevObjectVersion:   Dev-Build (E1C64328-A22C-4D53-A36C-8E866417BD8C): 0
LogDevObjectVersion:   Dev-Core (375EC13C-06E4-48FB-B500-84F0262A717E): 4
LogDevObjectVersion:   Dev-Editor (E4B068ED-F494-42E9-A231-DA0B2E46BB41): 40
LogDevObjectVersion:   Dev-Framework (CFFC743F-43B0-4480-9391-14DF171D2073): 37
LogDevObjectVersion:   Dev-Mobile (B02B49B5-BB20-44E9-A304-32B752E40360): 3
LogDevObjectVersion:   Dev-Networking (A4E4105C-59A1-49B5-A7C5-40C4547EDFEE): 0
LogDevObjectVersion:   Dev-Online (39C831C9-5AE6-47DC-9A44-9C173E1C8E7C): 0
LogDevObjectVersion:   Dev-Physics (78F01B33-EBEA-4F98-B9B4-84EACCB95AA2): 14
LogDevObjectVersion:   Dev-Platform (6631380F-2D4D-43E0-8009-CF276956A95A): 0
LogDevObjectVersion:   Dev-Rendering (12F88B9F-8875-4AFC-A67C-D90C383ABD29): 45
LogDevObjectVersion:   Dev-Sequencer (7B5AE74C-D270-4C10-A958-57980B212A5A): 13
LogDevObjectVersion:   Dev-VR (D7296918-1DD6-4BDD-9DE2-64A83CC13884): 3
LogDevObjectVersion:   Dev-LoadTimes (C2A15278-BFE7-4AFE-6C17-90FF531DF755): 1
LogDevObjectVersion:   Private-Geometry (6EACA3D4-40EC-4CC1-B786-8BED09428FC5): 3
LogDevObjectVersion:   Dev-AnimPhys (29E575DD-E0A3-4627-9D10-D276232CDCEA): 17
LogDevObjectVersion:   Dev-Anim (AF43A65D-7FD3-4947-9873-3E8ED9C1BB05): 15
LogDevObjectVersion:   Dev-ReflectionCapture (6B266CEC-1EC7-4B8F-A30B-E4D90942FC07): 1
LogDevObjectVersion:   Dev-Automation (0DF73D61-A23F-47EA-B727-89E90C41499A): 1
LogDevObjectVersion:   FortniteMain (601D1886-AC64-4F84-AA16-D3DE0DEAC7D6): 47
LogDevObjectVersion:   FortniteRelease (E7086368-6B23-4C58-8439-1B7016265E91): 1
LogDevObjectVersion:   Dev-Enterprise (9DFFBCD6-494F-0158-E221-12823C92A888): 10
LogDevObjectVersion:   Dev-Niagara (F2AED0AC-9AFE-416F-8664-AA7FFA26D6FC): 1
LogDevObjectVersion:   Dev-Destruction (174F1F0B-B4C6-45A5-B13F-2EE8D0FB917D): 10
LogDevObjectVersion:   Dev-Physics-Ext (35F94A83-E258-406C-A318-09F59610247C): 41
LogDevObjectVersion:   Dev-PhysicsMaterial-Chaos (B68FC16E-8B1B-42E2-B453-215C058844FE): 1
LogDevObjectVersion:   Dev-CineCamera (B2E18506-4273-CFC2-A54E-F4BB758BBA07): 1
LogDevObjectVersion:   Dev-VirtualProduction (64F58936-FD1B-42BA-BA96-7289D5D0FA4E): 1
LogDevObjectVersion:   Dev-MediaFramework (6F0ED827-A609-4895-9C91-998D90180EA4): 2
LogInit: Presizing for max 25165824 objects, including 0 objects not considered by GC, pre-allocating 0 bytes for permanent pool.
LogConfig: Applying CVar settings from Section [/Script/Engine.StreamingSettings] File [C:/work/Bae_0905/Saved/Config/Windows/Engine.ini]
LogConfig: Setting CVar [[s.MinBulkDataSizeForAsyncLoading:131072]]
LogConfig: Setting CVar [[s.AsyncLoadingThreadEnabled:0]]
LogConfig: Setting CVar [[s.EventDrivenLoaderEnabled:1]]
LogConfig: Setting CVar [[s.WarnIfTimeLimitExceeded:0]]
LogConfig: Setting CVar [[s.TimeLimitExceededMultiplier:1.5]]
LogConfig: Setting CVar [[s.TimeLimitExceededMinTime:0.005]]
LogConfig: Setting CVar [[s.UseBackgroundLevelStreaming:1]]
LogConfig: Setting CVar [[s.PriorityAsyncLoadingExtraTime:15.0]]
LogConfig: Setting CVar [[s.LevelStreamingActorsUpdateTimeLimit:5.0]]
LogConfig: Setting CVar [[s.PriorityLevelStreamingActorsUpdateExtraTime:5.0]]
LogConfig: Setting CVar [[s.LevelStreamingComponentsRegistrationGranularity:10]]
LogConfig: Setting CVar [[s.UnregisterComponentsTimeLimit:1.0]]
LogConfig: Setting CVar [[s.LevelStreamingComponentsUnregistrationGranularity:5]]
LogConfig: Setting CVar [[s.FlushStreamingOnExit:1]]
LogInit: Object subsystem initialized
LogConfig: Setting CVar [[con.DebugEarlyDefault:1]]
LogConfig: Setting CVar [[r.setres:1280x720]]
[2022.09.05-05.28.02:406][  0]LogConfig: Setting CVar [[r.VSync:0]]
[2022.09.05-05.28.02:406][  0]LogConfig: Setting CVar [[r.RHICmdBypass:0]]
[2022.09.05-05.28.02:406][  0]LogConfig: Applying CVar settings from Section [/Script/Engine.RendererSettings] File [C:/work/Bae_0905/Saved/Config/Windows/Engine.ini]
[2022.09.05-05.28.02:406][  0]LogConfig: Setting CVar [[r.GPUCrashDebugging:0]]
[2022.09.05-05.28.02:406][  0]LogConfig: Applying CVar settings from Section [/Script/Engine.RendererOverrideSettings] File [C:/work/Bae_0905/Saved/Config/Windows/Engine.ini]
[2022.09.05-05.28.02:406][  0]LogConfig: Applying CVar settings from Section [/Script/Engine.StreamingSettings] File [C:/work/Bae_0905/Saved/Config/Windows/Engine.ini]
[2022.09.05-05.28.02:406][  0]LogConfig: Setting CVar [[s.MinBulkDataSizeForAsyncLoading:131072]]
[2022.09.05-05.28.02:406][  0]LogConfig: Setting CVar [[s.AsyncLoadingThreadEnabled:0]]
[2022.09.05-05.28.02:406][  0]LogConfig: Setting CVar [[s.EventDrivenLoaderEnabled:1]]
[2022.09.05-05.28.02:406][  0]LogConfig: Setting CVar [[s.WarnIfTimeLimitExceeded:0]]
[2022.09.05-05.28.02:406][  0]LogConfig: Setting CVar [[s.TimeLimitExceededMultiplier:1.5]]
[2022.09.05-05.28.02:406][  0]LogConfig: Setting CVar [[s.TimeLimitExceededMinTime:0.005]]
[2022.09.05-05.28.02:406][  0]LogConfig: Setting CVar [[s.UseBackgroundLevelStreaming:1]]
[2022.09.05-05.28.02:406][  0]LogConfig: Setting CVar [[s.PriorityAsyncLoadingExtraTime:15.0]]
[2022.09.05-05.28.02:406][  0]LogConfig: Setting CVar [[s.LevelStreamingActorsUpdateTimeLimit:5.0]]
[2022.09.05-05.28.02:406][  0]LogConfig: Setting CVar [[s.PriorityLevelStreamingActorsUpdateExtraTime:5.0]]
[2022.09.05-05.28.02:406][  0]LogConfig: Setting CVar [[s.LevelStreamingComponentsRegistrationGranularity:10]]
[2022.09.05-05.28.02:406][  0]LogConfig: Setting CVar [[s.UnregisterComponentsTimeLimit:1.0]]
[2022.09.05-05.28.02:406][  0]LogConfig: Setting CVar [[s.LevelStreamingComponentsUnregistrationGranularity:5]]
[2022.09.05-05.28.02:406][  0]LogConfig: Setting CVar [[s.FlushStreamingOnExit:1]]
[2022.09.05-05.28.02:406][  0]LogConfig: Applying CVar settings from Section [/Script/Engine.GarbageCollectionSettings] File [C:/work/Bae_0905/Saved/Config/Windows/Engine.ini]
[2022.09.05-05.28.02:406][  0]LogConfig: Setting CVar [[gc.MaxObjectsNotConsideredByGC:1]]
[2022.09.05-05.28.02:406][  0]LogConfig: Setting CVar [[gc.SizeOfPermanentObjectPool:0]]
[2022.09.05-05.28.02:406][  0]LogConfig: Setting CVar [[gc.FlushStreamingOnGC:0]]
[2022.09.05-05.28.02:406][  0]LogConfig: Setting CVar [[gc.NumRetriesBeforeForcingGC:10]]
[2022.09.05-05.28.02:406][  0]LogConfig: Setting CVar [[gc.AllowParallelGC:1]]
[2022.09.05-05.28.02:406][  0]LogConfig: Setting CVar [[gc.TimeBetweenPurgingPendingKillObjects:61.1]]
[2022.09.05-05.28.02:406][  0]LogConfig: Setting CVar [[gc.MaxObjectsInEditor:25165824]]
[2022.09.05-05.28.02:406][  0]LogConfig: Setting CVar [[gc.IncrementalBeginDestroyEnabled:1]]
[2022.09.05-05.28.02:406][  0]LogConfig: Setting CVar [[gc.CreateGCClusters:1]]
[2022.09.05-05.28.02:406][  0]LogConfig: Setting CVar [[gc.MinGCClusterSize:5]]
[2022.09.05-05.28.02:406][  0]LogConfig: Setting CVar [[gc.ActorClusteringEnabled:0]]
[2022.09.05-05.28.02:406][  0]LogConfig: Setting CVar [[gc.BlueprintClusteringEnabled:0]]
[2022.09.05-05.28.02:406][  0]LogConfig: Setting CVar [[gc.UseDisregardForGCOnDedicatedServers:0]]
[2022.09.05-05.28.02:406][  0]LogConfig: Setting CVar [[gc.MultithreadedDestructionEnabled:1]]
[2022.09.05-05.28.02:406][  0]LogConfig: Applying CVar settings from Section [/Script/Engine.NetworkSettings] File [C:/work/Bae_0905/Saved/Config/Windows/Engine.ini]
[2022.09.05-05.28.02:406][  0]LogConfig: Applying CVar settings from Section [/Script/UnrealEd.CookerSettings] File [C:/work/Bae_0905/Saved/Config/Windows/Engine.ini]
[2022.09.05-05.28.02:410][  0]LogConfig: Applying CVar settings from Section [ViewDistanceQuality@3] File [C:/work/Bae_0905/Saved/Config/Windows/Scalability.ini]
[2022.09.05-05.28.02:410][  0]LogConfig: Setting CVar [[r.SkeletalMeshLODBias:0]]
[2022.09.05-05.28.02:410][  0]LogConfig: Setting CVar [[r.ViewDistanceScale:1.0]]
[2022.09.05-05.28.02:410][  0]LogConfig: Applying CVar settings from Section [AntiAliasingQuality@3] File [C:/work/Bae_0905/Saved/Config/Windows/Scalability.ini]
[2022.09.05-05.28.02:410][  0]LogConfig: Setting CVar [[r.PostProcessAAQuality:4]]
[2022.09.05-05.28.02:410][  0]LogConfig: Applying CVar settings from Section [ShadowQuality@3] File [C:/work/Bae_0905/Saved/Config/Windows/Scalability.ini]
[2022.09.05-05.28.02:410][  0]LogConfig: Setting CVar [[r.LightFunctionQuality:1]]
[2022.09.05-05.28.02:410][  0]LogConfig: Setting CVar [[r.ShadowQuality:5]]
[2022.09.05-05.28.02:410][  0]LogConfig: Setting CVar [[r.Shadow.CSM.MaxCascades:10]]
[2022.09.05-05.28.02:410][  0]LogConfig: Setting CVar [[r.Shadow.MaxResolution:2048]]
[2022.09.05-05.28.02:410][  0]LogConfig: Setting CVar [[r.Shadow.MaxCSMResolution:2048]]
[2022.09.05-05.28.02:410][  0]LogConfig: Setting CVar [[r.Shadow.RadiusThreshold:0.01]]
[2022.09.05-05.28.02:410][  0]LogConfig: Setting CVar [[r.Shadow.DistanceScale:1.0]]
[2022.09.05-05.28.02:410][  0]LogConfig: Setting CVar [[r.Shadow.CSM.TransitionScale:1.0]]
[2022.09.05-05.28.02:410][  0]LogConfig: Setting CVar [[r.Shadow.PreShadowResolutionFactor:1.0]]
[2022.09.05-05.28.02:410][  0]LogConfig: Setting CVar [[r.DistanceFieldShadowing:1]]
[2022.09.05-05.28.02:410][  0]LogConfig: Setting CVar [[r.DistanceFieldAO:1]]
[2022.09.05-05.28.02:410][  0]LogConfig: Setting CVar [[r.AOQuality:2]]
[2022.09.05-05.28.02:410][  0]LogConfig: Setting CVar [[r.VolumetricFog:1]]
[2022.09.05-05.28.02:410][  0]LogConfig: Setting CVar [[r.VolumetricFog.GridPixelSize:8]]
[2022.09.05-05.28.02:410][  0]LogConfig: Setting CVar [[r.VolumetricFog.GridSizeZ:128]]
[2022.09.05-05.28.02:410][  0]LogConfig: Setting CVar [[r.VolumetricFog.HistoryMissSupersampleCount:4]]
[2022.09.05-05.28.02:410][  0]LogConfig: Setting CVar [[r.LightMaxDrawDistanceScale:1]]
[2022.09.05-05.28.02:410][  0]LogConfig: Setting CVar [[r.CapsuleShadows:1]]
[2022.09.05-05.28.02:410][  0]LogConfig: Applying CVar settings from Section [PostProcessQuality@3] File [C:/work/Bae_0905/Saved/Config/Windows/Scalability.ini]
[2022.09.05-05.28.02:410][  0]LogConfig: Setting CVar [[r.MotionBlurQuality:4]]
[2022.09.05-05.28.02:410][  0]LogConfig: Setting CVar [[r.AmbientOcclusionMipLevelFactor:0.4]]
[2022.09.05-05.28.02:410][  0]LogConfig: Setting CVar [[r.AmbientOcclusionMaxQuality:100]]
[2022.09.05-05.28.02:410][  0]LogConfig: Setting CVar [[r.AmbientOcclusionLevels:-1]]
[2022.09.05-05.28.02:410][  0]LogConfig: Setting CVar [[r.AmbientOcclusionRadiusScale:1.0]]
[2022.09.05-05.28.02:410][  0]LogConfig: Setting CVar [[r.DepthOfFieldQuality:2]]
[2022.09.05-05.28.02:410][  0]LogConfig: Setting CVar [[r.RenderTargetPoolMin:400]]
[2022.09.05-05.28.02:410][  0]LogConfig: Setting CVar [[r.LensFlareQuality:2]]
[2022.09.05-05.28.02:410][  0]LogConfig: Setting CVar [[r.SceneColorFringeQuality:1]]
[2022.09.05-05.28.02:410][  0]LogConfig: Setting CVar [[r.EyeAdaptationQuality:2]]
[2022.09.05-05.28.02:410][  0]LogConfig: Setting CVar [[r.BloomQuality:5]]
[2022.09.05-05.28.02:410][  0]LogConfig: Setting CVar [[r.FastBlurThreshold:100]]
[2022.09.05-05.28.02:410][  0]LogConfig: Setting CVar [[r.Upscale.Quality:3]]
[2022.09.05-05.28.02:410][  0]LogConfig: Setting CVar [[r.Tonemapper.GrainQuantization:1]]
[2022.09.05-05.28.02:410][  0]LogConfig: Setting CVar [[r.LightShaftQuality:1]]
[2022.09.05-05.28.02:410][  0]LogConfig: Setting CVar [[r.Filter.SizeScale:1]]
[2022.09.05-05.28.02:410][  0]LogConfig: Setting CVar [[r.Tonemapper.Quality:5]]
[2022.09.05-05.28.02:410][  0]LogConfig: Setting CVar [[r.DOF.Gather.AccumulatorQuality:1        ; higher gathering accumulator quality]]
[2022.09.05-05.28.02:410][  0]LogConfig: Setting CVar [[r.DOF.Gather.PostfilterMethod:1          ; Median3x3 postfilering method]]
[2022.09.05-05.28.02:410][  0]LogConfig: Setting CVar [[r.DOF.Gather.EnableBokehSettings:0       ; no bokeh simulation when gathering]]
[2022.09.05-05.28.02:410][  0]LogConfig: Setting CVar [[r.DOF.Gather.RingCount:4                 ; medium number of samples when gathering]]
[2022.09.05-05.28.02:410][  0]LogConfig: Setting CVar [[r.DOF.Scatter.ForegroundCompositing:1    ; additive foreground scattering]]
[2022.09.05-05.28.02:410][  0]LogConfig: Setting CVar [[r.DOF.Scatter.BackgroundCompositing:2    ; additive background scattering]]
[2022.09.05-05.28.02:410][  0]LogConfig: Setting CVar [[r.DOF.Scatter.EnableBokehSettings:1      ; bokeh simulation when scattering]]
[2022.09.05-05.28.02:410][  0]LogConfig: Setting CVar [[r.DOF.Scatter.MaxSpriteRatio:0.1         ; only a maximum of 10% of scattered bokeh]]
[2022.09.05-05.28.02:410][  0]LogConfig: Setting CVar [[r.DOF.Recombine.Quality:1                ; cheap slight out of focus]]
[2022.09.05-05.28.02:410][  0]LogConfig: Setting CVar [[r.DOF.Recombine.EnableBokehSettings:0    ; no bokeh simulation on slight out of focus]]
[2022.09.05-05.28.02:410][  0]LogConfig: Setting CVar [[r.DOF.TemporalAAQuality:1                ; more stable temporal accumulation]]
[2022.09.05-05.28.02:410][  0]LogConfig: Setting CVar [[r.DOF.Kernel.MaxForegroundRadius:0.025]]
[2022.09.05-05.28.02:410][  0]LogConfig: Setting CVar [[r.DOF.Kernel.MaxBackgroundRadius:0.025]]
[2022.09.05-05.28.02:410][  0]LogConfig: Applying CVar settings from Section [TextureQuality@3] File [C:/work/Bae_0905/Saved/Config/Windows/Scalability.ini]
[2022.09.05-05.28.02:410][  0]LogConfig: Setting CVar [[r.Streaming.MipBias:0]]
[2022.09.05-05.28.02:410][  0]LogConfig: Setting CVar [[r.Streaming.AmortizeCPUToGPUCopy:0]]
[2022.09.05-05.28.02:410][  0]LogConfig: Setting CVar [[r.Streaming.MaxNumTexturesToStreamPerFrame:0]]
[2022.09.05-05.28.02:410][  0]LogConfig: Setting CVar [[r.Streaming.Boost:1]]
[2022.09.05-05.28.02:410][  0]LogConfig: Setting CVar [[r.MaxAnisotropy:8]]
[2022.09.05-05.28.02:410][  0]LogConfig: Setting CVar [[r.VT.MaxAnisotropy:8]]
[2022.09.05-05.28.02:410][  0]LogConfig: Setting CVar [[r.Streaming.LimitPoolSizeToVRAM:0]]
[2022.09.05-05.28.02:410][  0]LogConfig: Setting CVar [[r.Streaming.PoolSize:1000]]
[2022.09.05-05.28.02:410][  0]LogConfig: Setting CVar [[r.Streaming.MaxEffectiveScreenSize:0]]
[2022.09.05-05.28.02:410][  0]LogConfig: Applying CVar settings from Section [EffectsQuality@3] File [C:/work/Bae_0905/Saved/Config/Windows/Scalability.ini]
[2022.09.05-05.28.02:410][  0]LogConfig: Setting CVar [[r.TranslucencyLightingVolumeDim:64]]
[2022.09.05-05.28.02:410][  0]LogConfig: Setting CVar [[r.RefractionQuality:2]]
[2022.09.05-05.28.02:410][  0]LogConfig: Setting CVar [[r.SSR.Quality:3]]
[2022.09.05-05.28.02:410][  0]LogConfig: Setting CVar [[r.SSR.HalfResSceneColor:0]]
[2022.09.05-05.28.02:410][  0]LogConfig: Setting CVar [[r.SceneColorFormat:4]]
[2022.09.05-05.28.02:410][  0]LogConfig: Setting CVar [[r.DetailMode:2]]
[2022.09.05-05.28.02:410][  0]LogConfig: Setting CVar [[r.TranslucencyVolumeBlur:1]]
[2022.09.05-05.28.02:410][  0]LogConfig: Setting CVar [[r.MaterialQualityLevel:1 ; High quality]]
[2022.09.05-05.28.02:411][  0]LogConfig: Setting CVar [[r.AnisotropicMaterials:1]]
[2022.09.05-05.28.02:411][  0]LogConfig: Setting CVar [[r.SSS.Scale:1]]
[2022.09.05-05.28.02:411][  0]LogConfig: Setting CVar [[r.SSS.SampleSet:2]]
[2022.09.05-05.28.02:411][  0]LogConfig: Setting CVar [[r.SSS.Quality:1]]
[2022.09.05-05.28.02:411][  0]LogConfig: Setting CVar [[r.SSS.HalfRes:0]]
[2022.09.05-05.28.02:411][  0]LogConfig: Setting CVar [[r.SSGI.Quality:3]]
[2022.09.05-05.28.02:411][  0]LogConfig: Setting CVar [[r.EmitterSpawnRateScale:1.0]]
[2022.09.05-05.28.02:411][  0]LogConfig: Setting CVar [[r.ParticleLightQuality:2]]
[2022.09.05-05.28.02:411][  0]LogConfig: Setting CVar [[r.SkyAtmosphere.AerialPerspectiveLUT.FastApplyOnOpaque:1 ; Always have FastSkyLUT 1 in this case to avoid wrong sky]]
[2022.09.05-05.28.02:411][  0]LogConfig: Setting CVar [[r.SkyAtmosphere.AerialPerspectiveLUT.SampleCountMaxPerSlice:4]]
[2022.09.05-05.28.02:411][  0]LogConfig: Setting CVar [[r.SkyAtmosphere.AerialPerspectiveLUT.DepthResolution:16.0]]
[2022.09.05-05.28.02:411][  0]LogConfig: Setting CVar [[r.SkyAtmosphere.FastSkyLUT:1]]
[2022.09.05-05.28.02:411][  0]LogConfig: Setting CVar [[r.SkyAtmosphere.FastSkyLUT.SampleCountMin:4.0]]
[2022.09.05-05.28.02:411][  0]LogConfig: Setting CVar [[r.SkyAtmosphere.FastSkyLUT.SampleCountMax:128.0]]
[2022.09.05-05.28.02:411][  0]LogConfig: Setting CVar [[r.SkyAtmosphere.SampleCountMin:4.0]]
[2022.09.05-05.28.02:411][  0]LogConfig: Setting CVar [[r.SkyAtmosphere.SampleCountMax:128.0]]
[2022.09.05-05.28.02:411][  0]LogConfig: Setting CVar [[r.SkyAtmosphere.TransmittanceLUT.UseSmallFormat:0]]
[2022.09.05-05.28.02:411][  0]LogConfig: Setting CVar [[r.SkyAtmosphere.TransmittanceLUT.SampleCount:10.0]]
[2022.09.05-05.28.02:411][  0]LogConfig: Setting CVar [[r.SkyAtmosphere.MultiScatteringLUT.SampleCount:15.0]]
[2022.09.05-05.28.02:411][  0]LogConfig: Setting CVar [[r.SkyLight.RealTimeReflectionCapture:1]]
[2022.09.05-05.28.02:411][  0]LogConfig: Applying CVar settings from Section [FoliageQuality@3] File [C:/work/Bae_0905/Saved/Config/Windows/Scalability.ini]
[2022.09.05-05.28.02:411][  0]LogConfig: Setting CVar [[foliage.DensityScale:1.0]]
[2022.09.05-05.28.02:411][  0]LogConfig: Setting CVar [[grass.DensityScale:1.0]]
[2022.09.05-05.28.02:411][  0]LogConfig: Applying CVar settings from Section [ShadingQuality@3] File [C:/work/Bae_0905/Saved/Config/Windows/Scalability.ini]
[2022.09.05-05.28.02:411][  0]LogConfig: Setting CVar [[r.HairStrands.SkyLighting.IntegrationType:2]]
[2022.09.05-05.28.02:411][  0]LogConfig: Setting CVar [[r.HairStrands.SkyAO.SampleCount:4]]
[2022.09.05-05.28.02:411][  0]LogConfig: Setting CVar [[r.HairStrands.Visibility.MSAA.SamplePerPixel:4]]
[2022.09.05-05.28.02:411][  0]LogInit: Selected Device Profile: [Windows]
[2022.09.05-05.28.02:411][  0]LogInit: Applying CVar settings loaded from the selected device profile: [Windows]
[2022.09.05-05.28.02:411][  0]LogHAL: Display: Platform has ~ 16 GB [16989282304 / 17179869184 / 16], which maps to Larger [LargestMinGB=32, LargerMinGB=12, DefaultMinGB=8, SmallerMinGB=6, SmallestMinGB=0)
[2022.09.05-05.28.02:411][  0]LogInit: Going up to parent DeviceProfile []
[2022.09.05-05.28.02:411][  0]LogConfig: Applying CVar settings from Section [ViewDistanceQuality@3] File [C:/work/Bae_0905/Saved/Config/Windows/Scalability.ini]
[2022.09.05-05.28.02:411][  0]LogConfig: Setting CVar [[r.SkeletalMeshLODBias:0]]
[2022.09.05-05.28.02:411][  0]LogConfig: Setting CVar [[r.ViewDistanceScale:1.0]]
[2022.09.05-05.28.02:411][  0]LogConfig: Applying CVar settings from Section [AntiAliasingQuality@3] File [C:/work/Bae_0905/Saved/Config/Windows/Scalability.ini]
[2022.09.05-05.28.02:411][  0]LogConfig: Setting CVar [[r.PostProcessAAQuality:4]]
[2022.09.05-05.28.02:411][  0]LogConfig: Applying CVar settings from Section [ShadowQuality@3] File [C:/work/Bae_0905/Saved/Config/Windows/Scalability.ini]
[2022.09.05-05.28.02:411][  0]LogConfig: Setting CVar [[r.LightFunctionQuality:1]]
[2022.09.05-05.28.02:411][  0]LogConfig: Setting CVar [[r.ShadowQuality:5]]
[2022.09.05-05.28.02:411][  0]LogConfig: Setting CVar [[r.Shadow.CSM.MaxCascades:10]]
[2022.09.05-05.28.02:411][  0]LogConfig: Setting CVar [[r.Shadow.MaxResolution:2048]]
[2022.09.05-05.28.02:411][  0]LogConfig: Setting CVar [[r.Shadow.MaxCSMResolution:2048]]
[2022.09.05-05.28.02:411][  0]LogConfig: Setting CVar [[r.Shadow.RadiusThreshold:0.01]]
[2022.09.05-05.28.02:411][  0]LogConfig: Setting CVar [[r.Shadow.DistanceScale:1.0]]
[2022.09.05-05.28.02:411][  0]LogConfig: Setting CVar [[r.Shadow.CSM.TransitionScale:1.0]]
[2022.09.05-05.28.02:411][  0]LogConfig: Setting CVar [[r.Shadow.PreShadowResolutionFactor:1.0]]
[2022.09.05-05.28.02:411][  0]LogConfig: Setting CVar [[r.DistanceFieldShadowing:1]]
[2022.09.05-05.28.02:411][  0]LogConfig: Setting CVar [[r.DistanceFieldAO:1]]
[2022.09.05-05.28.02:411][  0]LogConfig: Setting CVar [[r.AOQuality:2]]
[2022.09.05-05.28.02:411][  0]LogConfig: Setting CVar [[r.VolumetricFog:1]]
[2022.09.05-05.28.02:411][  0]LogConfig: Setting CVar [[r.VolumetricFog.GridPixelSize:8]]
[2022.09.05-05.28.02:411][  0]LogConfig: Setting CVar [[r.VolumetricFog.GridSizeZ:128]]
[2022.09.05-05.28.02:411][  0]LogConfig: Setting CVar [[r.VolumetricFog.HistoryMissSupersampleCount:4]]
[2022.09.05-05.28.02:411][  0]LogConfig: Setting CVar [[r.LightMaxDrawDistanceScale:1]]
[2022.09.05-05.28.02:411][  0]LogConfig: Setting CVar [[r.CapsuleShadows:1]]
[2022.09.05-05.28.02:411][  0]LogConfig: Applying CVar settings from Section [PostProcessQuality@3] File [C:/work/Bae_0905/Saved/Config/Windows/Scalability.ini]
[2022.09.05-05.28.02:411][  0]LogConfig: Setting CVar [[r.MotionBlurQuality:4]]
[2022.09.05-05.28.02:411][  0]LogConfig: Setting CVar [[r.AmbientOcclusionMipLevelFactor:0.4]]
[2022.09.05-05.28.02:411][  0]LogConfig: Setting CVar [[r.AmbientOcclusionMaxQuality:100]]
[2022.09.05-05.28.02:411][  0]LogConfig: Setting CVar [[r.AmbientOcclusionLevels:-1]]
[2022.09.05-05.28.02:411][  0]LogConfig: Setting CVar [[r.AmbientOcclusionRadiusScale:1.0]]
[2022.09.05-05.28.02:411][  0]LogConfig: Setting CVar [[r.DepthOfFieldQuality:2]]
[2022.09.05-05.28.02:411][  0]LogConfig: Setting CVar [[r.RenderTargetPoolMin:400]]
[2022.09.05-05.28.02:411][  0]LogConfig: Setting CVar [[r.LensFlareQuality:2]]
[2022.09.05-05.28.02:411][  0]LogConfig: Setting CVar [[r.SceneColorFringeQuality:1]]
[2022.09.05-05.28.02:411][  0]LogConfig: Setting CVar [[r.EyeAdaptationQuality:2]]
[2022.09.05-05.28.02:411][  0]LogConfig: Setting CVar [[r.BloomQuality:5]]
[2022.09.05-05.28.02:411][  0]LogConfig: Setting CVar [[r.FastBlurThreshold:100]]
[2022.09.05-05.28.02:411][  0]LogConfig: Setting CVar [[r.Upscale.Quality:3]]
[2022.09.05-05.28.02:411][  0]LogConfig: Setting CVar [[r.Tonemapper.GrainQuantization:1]]
[2022.09.05-05.28.02:411][  0]LogConfig: Setting CVar [[r.LightShaftQuality:1]]
[2022.09.05-05.28.02:411][  0]LogConfig: Setting CVar [[r.Filter.SizeScale:1]]
[2022.09.05-05.28.02:411][  0]LogConfig: Setting CVar [[r.Tonemapper.Quality:5]]
[2022.09.05-05.28.02:411][  0]LogConfig: Setting CVar [[r.DOF.Gather.AccumulatorQuality:1        ; higher gathering accumulator quality]]
[2022.09.05-05.28.02:411][  0]LogConfig: Setting CVar [[r.DOF.Gather.PostfilterMethod:1          ; Median3x3 postfilering method]]
[2022.09.05-05.28.02:411][  0]LogConfig: Setting CVar [[r.DOF.Gather.EnableBokehSettings:0       ; no bokeh simulation when gathering]]
[2022.09.05-05.28.02:411][  0]LogConfig: Setting CVar [[r.DOF.Gather.RingCount:4                 ; medium number of samples when gathering]]
[2022.09.05-05.28.02:411][  0]LogConfig: Setting CVar [[r.DOF.Scatter.ForegroundCompositing:1    ; additive foreground scattering]]
[2022.09.05-05.28.02:411][  0]LogConfig: Setting CVar [[r.DOF.Scatter.BackgroundCompositing:2    ; additive background scattering]]
[2022.09.05-05.28.02:411][  0]LogConfig: Setting CVar [[r.DOF.Scatter.EnableBokehSettings:1      ; bokeh simulation when scattering]]
[2022.09.05-05.28.02:411][  0]LogConfig: Setting CVar [[r.DOF.Scatter.MaxSpriteRatio:0.1         ; only a maximum of 10% of scattered bokeh]]
[2022.09.05-05.28.02:411][  0]LogConfig: Setting CVar [[r.DOF.Recombine.Quality:1                ; cheap slight out of focus]]
[2022.09.05-05.28.02:411][  0]LogConfig: Setting CVar [[r.DOF.Recombine.EnableBokehSettings:0    ; no bokeh simulation on slight out of focus]]
[2022.09.05-05.28.02:411][  0]LogConfig: Setting CVar [[r.DOF.TemporalAAQuality:1                ; more stable temporal accumulation]]
[2022.09.05-05.28.02:411][  0]LogConfig: Setting CVar [[r.DOF.Kernel.MaxForegroundRadius:0.025]]
[2022.09.05-05.28.02:411][  0]LogConfig: Setting CVar [[r.DOF.Kernel.MaxBackgroundRadius:0.025]]
[2022.09.05-05.28.02:411][  0]LogConfig: Applying CVar settings from Section [TextureQuality@3] File [C:/work/Bae_0905/Saved/Config/Windows/Scalability.ini]
[2022.09.05-05.28.02:411][  0]LogConfig: Setting CVar [[r.Streaming.MipBias:0]]
[2022.09.05-05.28.02:411][  0]LogConfig: Setting CVar [[r.Streaming.AmortizeCPUToGPUCopy:0]]
[2022.09.05-05.28.02:411][  0]LogConfig: Setting CVar [[r.Streaming.MaxNumTexturesToStreamPerFrame:0]]
[2022.09.05-05.28.02:411][  0]LogConfig: Setting CVar [[r.Streaming.Boost:1]]
[2022.09.05-05.28.02:411][  0]LogConfig: Setting CVar [[r.MaxAnisotropy:8]]
[2022.09.05-05.28.02:411][  0]LogConfig: Setting CVar [[r.VT.MaxAnisotropy:8]]
[2022.09.05-05.28.02:411][  0]LogConfig: Setting CVar [[r.Streaming.LimitPoolSizeToVRAM:0]]
[2022.09.05-05.28.02:411][  0]LogConfig: Setting CVar [[r.Streaming.PoolSize:1000]]
[2022.09.05-05.28.02:411][  0]LogConfig: Setting CVar [[r.Streaming.MaxEffectiveScreenSize:0]]
[2022.09.05-05.28.02:411][  0]LogConfig: Applying CVar settings from Section [EffectsQuality@3] File [C:/work/Bae_0905/Saved/Config/Windows/Scalability.ini]
[2022.09.05-05.28.02:411][  0]LogConfig: Setting CVar [[r.TranslucencyLightingVolumeDim:64]]
[2022.09.05-05.28.02:411][  0]LogConfig: Setting CVar [[r.RefractionQuality:2]]
[2022.09.05-05.28.02:412][  0]LogConfig: Setting CVar [[r.SSR.Quality:3]]
[2022.09.05-05.28.02:412][  0]LogConfig: Setting CVar [[r.SSR.HalfResSceneColor:0]]
[2022.09.05-05.28.02:412][  0]LogConfig: Setting CVar [[r.SceneColorFormat:4]]
[2022.09.05-05.28.02:412][  0]LogConfig: Setting CVar [[r.DetailMode:2]]
[2022.09.05-05.28.02:412][  0]LogConfig: Setting CVar [[r.TranslucencyVolumeBlur:1]]
[2022.09.05-05.28.02:412][  0]LogConfig: Setting CVar [[r.MaterialQualityLevel:1 ; High quality]]
[2022.09.05-05.28.02:412][  0]LogConfig: Setting CVar [[r.AnisotropicMaterials:1]]
[2022.09.05-05.28.02:412][  0]LogConfig: Setting CVar [[r.SSS.Scale:1]]
[2022.09.05-05.28.02:412][  0]LogConfig: Setting CVar [[r.SSS.SampleSet:2]]
[2022.09.05-05.28.02:412][  0]LogConfig: Setting CVar [[r.SSS.Quality:1]]
[2022.09.05-05.28.02:412][  0]LogConfig: Setting CVar [[r.SSS.HalfRes:0]]
[2022.09.05-05.28.02:412][  0]LogConfig: Setting CVar [[r.SSGI.Quality:3]]
[2022.09.05-05.28.02:412][  0]LogConfig: Setting CVar [[r.EmitterSpawnRateScale:1.0]]
[2022.09.05-05.28.02:412][  0]LogConfig: Setting CVar [[r.ParticleLightQuality:2]]
[2022.09.05-05.28.02:412][  0]LogConfig: Setting CVar [[r.SkyAtmosphere.AerialPerspectiveLUT.FastApplyOnOpaque:1 ; Always have FastSkyLUT 1 in this case to avoid wrong sky]]
[2022.09.05-05.28.02:412][  0]LogConfig: Setting CVar [[r.SkyAtmosphere.AerialPerspectiveLUT.SampleCountMaxPerSlice:4]]
[2022.09.05-05.28.02:412][  0]LogConfig: Setting CVar [[r.SkyAtmosphere.AerialPerspectiveLUT.DepthResolution:16.0]]
[2022.09.05-05.28.02:412][  0]LogConfig: Setting CVar [[r.SkyAtmosphere.FastSkyLUT:1]]
[2022.09.05-05.28.02:412][  0]LogConfig: Setting CVar [[r.SkyAtmosphere.FastSkyLUT.SampleCountMin:4.0]]
[2022.09.05-05.28.02:412][  0]LogConfig: Setting CVar [[r.SkyAtmosphere.FastSkyLUT.SampleCountMax:128.0]]
[2022.09.05-05.28.02:412][  0]LogConfig: Setting CVar [[r.SkyAtmosphere.SampleCountMin:4.0]]
[2022.09.05-05.28.02:412][  0]LogConfig: Setting CVar [[r.SkyAtmosphere.SampleCountMax:128.0]]
[2022.09.05-05.28.02:412][  0]LogConfig: Setting CVar [[r.SkyAtmosphere.TransmittanceLUT.UseSmallFormat:0]]
[2022.09.05-05.28.02:412][  0]LogConfig: Setting CVar [[r.SkyAtmosphere.TransmittanceLUT.SampleCount:10.0]]
[2022.09.05-05.28.02:412][  0]LogConfig: Setting CVar [[r.SkyAtmosphere.MultiScatteringLUT.SampleCount:15.0]]
[2022.09.05-05.28.02:412][  0]LogConfig: Setting CVar [[r.SkyLight.RealTimeReflectionCapture:1]]
[2022.09.05-05.28.02:412][  0]LogConfig: Applying CVar settings from Section [FoliageQuality@3] File [C:/work/Bae_0905/Saved/Config/Windows/Scalability.ini]
[2022.09.05-05.28.02:412][  0]LogConfig: Setting CVar [[foliage.DensityScale:1.0]]
[2022.09.05-05.28.02:412][  0]LogConfig: Setting CVar [[grass.DensityScale:1.0]]
[2022.09.05-05.28.02:412][  0]LogConfig: Applying CVar settings from Section [ShadingQuality@3] File [C:/work/Bae_0905/Saved/Config/Windows/Scalability.ini]
[2022.09.05-05.28.02:412][  0]LogConfig: Setting CVar [[r.HairStrands.SkyLighting.IntegrationType:2]]
[2022.09.05-05.28.02:412][  0]LogConfig: Setting CVar [[r.HairStrands.SkyAO.SampleCount:4]]
[2022.09.05-05.28.02:412][  0]LogConfig: Setting CVar [[r.HairStrands.Visibility.MSAA.SamplePerPixel:4]]
[2022.09.05-05.28.02:412][  0]LogConfig: Applying CVar settings from Section [Startup] File [../../../Engine/Config/ConsoleVariables.ini]
[2022.09.05-05.28.02:412][  0]LogConfig: Setting CVar [[net.UseAdaptiveNetUpdateFrequency:0]]
[2022.09.05-05.28.02:412][  0]LogConfig: Setting CVar [[p.chaos.AllowCreatePhysxBodies:1]]
[2022.09.05-05.28.02:412][  0]LogConfig: Setting CVar [[fx.SkipVectorVMBackendOptimizations:1]]
[2022.09.05-05.28.02:412][  0]LogConfig: Applying CVar settings from Section [ConsoleVariables] File [C:/work/Bae_0905/Saved/Config/Windows/Engine.ini]
[2022.09.05-05.28.02:412][  0]LogConfig: Applying CVar settings from Section [ConsoleVariables] File [C:/work/Bae_0905/Saved/Config/Windows/Editor.ini]
[2022.09.05-05.28.02:412][  0]LogInit: Computer: DESKTOP-PBKMQ2T
[2022.09.05-05.28.02:412][  0]LogInit: User: loveb
[2022.09.05-05.28.02:412][  0]LogInit: CPU Page size=4096, Cores=4
[2022.09.05-05.28.02:412][  0]LogInit: High frequency timer resolution =10.000000 MHz
[2022.09.05-05.28.02:412][  0]LogMemory: Memory total: Physical=15.8GB (16GB approx)
[2022.09.05-05.28.02:412][  0]LogMemory: Platform Memory Stats for Windows
[2022.09.05-05.28.02:412][  0]LogMemory: Process Physical Memory: 144.14 MB used, 144.14 MB peak
[2022.09.05-05.28.02:412][  0]LogMemory: Process Virtual Memory: 128.37 MB used, 128.37 MB peak
[2022.09.05-05.28.02:412][  0]LogMemory: Physical Memory: 6713.29 MB used,  9488.95 MB free, 16202.24 MB total
[2022.09.05-05.28.02:412][  0]LogMemory: Virtual Memory: 134197408.00 MB used,  20321.90 MB free, 134217728.00 MB total
[2022.09.05-05.28.02:416][  0]LogWindows: WindowsPlatformFeatures enabled
[2022.09.05-05.28.02:431][  0]LogInit: Physics initialised using underlying interface: PhysX
[2022.09.05-05.28.02:432][  0]LogInit: Using OS detected language (ko-KR).
[2022.09.05-05.28.02:432][  0]LogInit: Using OS detected locale (ko-KR).
[2022.09.05-05.28.02:434][  0]LogTextLocalizationManager: No specific localization for 'ko-KR' exists, so the 'ko' localization will be used.
[2022.09.05-05.28.02:526][  0]LogInit: Setting process to per monitor DPI aware
[2022.09.05-05.28.02:543][  0]LogWindowsTextInputMethodSystem: Display: IME system deactivated.
[2022.09.05-05.28.02:553][  0]LogSlate: New Slate User Created.  User Index 0, Is Virtual User: 0
[2022.09.05-05.28.02:553][  0]LogSlate: Slate User Registered.  User Index 0, Is Virtual User: 0
[2022.09.05-05.28.02:654][  0]LogD3D11RHI: Loaded GFSDK_Aftermath_Lib.x64.dll
[2022.09.05-05.28.02:665][  0]LogHMD: Failed to initialize OpenVR with code 110
[2022.09.05-05.28.02:665][  0]LogD3D11RHI: D3D11 min allowed feature level: 11_0
[2022.09.05-05.28.02:665][  0]LogD3D11RHI: D3D11 max allowed feature level: 11_0
[2022.09.05-05.28.02:665][  0]LogD3D11RHI: D3D11 adapters:
[2022.09.05-05.28.02:765][  0]LogD3D11RHI:    0. 'NVIDIA GeForce GTX 1650 with Max-Q Design' (Feature Level 11_0)
[2022.09.05-05.28.02:765][  0]LogD3D11RHI:       3962/0/8101 MB DedicatedVideo/DedicatedSystem/SharedSystem, Outputs:1, VendorId:0x10de
[2022.09.05-05.28.02:780][  0]LogD3D11RHI:    1. 'Intel(R) UHD Graphics' (Feature Level 11_0)
[2022.09.05-05.28.02:780][  0]LogD3D11RHI:       128/0/8101 MB DedicatedVideo/DedicatedSystem/SharedSystem, Outputs:0, VendorId:0x8086
[2022.09.05-05.28.02:781][  0]LogD3D11RHI:    2. 'Microsoft Basic Render Driver' (Feature Level 11_0)
[2022.09.05-05.28.02:781][  0]LogD3D11RHI:       0/0/8101 MB DedicatedVideo/DedicatedSystem/SharedSystem, Outputs:0, VendorId:0x1414
[2022.09.05-05.28.02:781][  0]LogD3D11RHI: Chosen D3D11 Adapter:
[2022.09.05-05.28.02:781][  0]LogD3D11RHI:     Description : NVIDIA GeForce GTX 1650 with Max-Q Design
[2022.09.05-05.28.02:781][  0]LogD3D11RHI:     VendorId    : 10de
[2022.09.05-05.28.02:781][  0]LogD3D11RHI:     DeviceId    : 1f9d
[2022.09.05-05.28.02:781][  0]LogD3D11RHI:     SubSysId    : 12f41462
[2022.09.05-05.28.02:781][  0]LogD3D11RHI:     Revision    : 00a1
[2022.09.05-05.28.02:781][  0]LogD3D11RHI:     DedicatedVideoMemory : 4154458112 bytes
[2022.09.05-05.28.02:781][  0]LogD3D11RHI:     DedicatedSystemMemory : 0 bytes
[2022.09.05-05.28.02:781][  0]LogD3D11RHI:     SharedSystemMemory : 8494641152 bytes
[2022.09.05-05.28.02:781][  0]LogD3D11RHI:     AdapterLuid : 0 54656
[2022.09.05-05.28.02:785][  0]LogD3D11RHI: Creating new Direct3DDevice
[2022.09.05-05.28.02:785][  0]LogD3D11RHI:     GPU DeviceId: 0x1f9d (for the marketing name, search the web for "GPU Device Id")
[2022.09.05-05.28.02:785][  0]LogWindows: EnumDisplayDevices:
[2022.09.05-05.28.02:785][  0]LogWindows:    0. 'Intel(R) UHD Graphics' (P:1 D:1)
[2022.09.05-05.28.02:785][  0]LogWindows:    1. 'Intel(R) UHD Graphics' (P:0 D:0)
[2022.09.05-05.28.02:785][  0]LogWindows:    2. 'Intel(R) UHD Graphics' (P:0 D:0)
[2022.09.05-05.28.02:785][  0]LogWindows: DebugString: PrimaryIsNotTheChoosenAdapter PrimaryIsNotTheChoosenAdapter PrimaryIsNotTheChoosenAdapter FoundDriverCount:0 
[2022.09.05-05.28.02:785][  0]LogD3D11RHI:     Adapter Name: NVIDIA GeForce GTX 1650 with Max-Q Design
[2022.09.05-05.28.02:785][  0]LogD3D11RHI:   Driver Version: Unknown (internal:Unknown, unified:Unknown)
[2022.09.05-05.28.02:785][  0]LogD3D11RHI:      Driver Date: Unknown
[2022.09.05-05.28.02:785][  0]LogRHI: Texture pool is 2773 MB (70% of 3962 MB)
[2022.09.05-05.28.02:785][  0]LogD3D11RHI: Creating D3DDevice using adapter:
[2022.09.05-05.28.02:785][  0]LogD3D11RHI:     Description : NVIDIA GeForce GTX 1650 with Max-Q Design
[2022.09.05-05.28.02:785][  0]LogD3D11RHI:     VendorId    : 10de
[2022.09.05-05.28.02:785][  0]LogD3D11RHI:     DeviceId    : 1f9d
[2022.09.05-05.28.02:785][  0]LogD3D11RHI:     SubSysId    : 12f41462
[2022.09.05-05.28.02:785][  0]LogD3D11RHI:     Revision    : 00a1
[2022.09.05-05.28.02:785][  0]LogD3D11RHI:     DedicatedVideoMemory : 4154458112 bytes
[2022.09.05-05.28.02:785][  0]LogD3D11RHI:     DedicatedSystemMemory : 0 bytes
[2022.09.05-05.28.02:785][  0]LogD3D11RHI:     SharedSystemMemory : 8494641152 bytes
[2022.09.05-05.28.02:785][  0]LogD3D11RHI:     AdapterLuid : 0 54656
[2022.09.05-05.28.02:854][  0]LogD3D11RHI: RHI has support for 64 bit atomics
[2022.09.05-05.28.02:854][  0]LogD3D11RHI: Async texture creation enabled
[2022.09.05-05.28.02:854][  0]LogD3D11RHI: Array index from any shader is supported
[2022.09.05-05.28.02:872][  0]LogD3D11RHI: GPU Timing Frequency: 1000.000000 (Debug: 2 2)
[2022.09.05-05.28.02:901][  0]LogRHI: GeForceNow SDK initialized: 1
[2022.09.05-05.28.03:119][  0]LogTargetPlatformManager: Display: Loaded TargetPlatform 'AllDesktop'
[2022.09.05-05.28.03:137][  0]LogTargetPlatformManager: Display: Loaded TargetPlatform 'Android'
[2022.09.05-05.28.03:137][  0]LogTargetPlatformManager: Display: Loaded TargetPlatform 'Android_ASTC'
[2022.09.05-05.28.03:137][  0]LogTargetPlatformManager: Display: Loaded TargetPlatform 'Android_DXT'
[2022.09.05-05.28.03:137][  0]LogTargetPlatformManager: Display: Loaded TargetPlatform 'Android_ETC2'
[2022.09.05-05.28.03:137][  0]LogTargetPlatformManager: Display: Loaded TargetPlatform 'AndroidClient'
[2022.09.05-05.28.03:137][  0]LogTargetPlatformManager: Display: Loaded TargetPlatform 'Android_ASTCClient'
[2022.09.05-05.28.03:137][  0]LogTargetPlatformManager: Display: Loaded TargetPlatform 'Android_DXTClient'
[2022.09.05-05.28.03:137][  0]LogTargetPlatformManager: Display: Loaded TargetPlatform 'Android_ETC2Client'
[2022.09.05-05.28.03:137][  0]LogTargetPlatformManager: Display: Loaded TargetPlatform 'Android_Multi'
[2022.09.05-05.28.03:137][  0]LogTargetPlatformManager: Display: Loaded TargetPlatform 'Android_MultiClient'
[2022.09.05-05.28.03:152][  0]LogTargetPlatformManager: Display: Loaded TargetPlatform 'IOSClient'
[2022.09.05-05.28.03:152][  0]LogTargetPlatformManager: Display: Loaded TargetPlatform 'IOS'
[2022.09.05-05.28.03:162][  0]LogTargetPlatformManager: Display: Loaded TargetPlatform 'Linux'
[2022.09.05-05.28.03:166][  0]LogTargetPlatformManager: Display: Loaded TargetPlatform 'LinuxNoEditor'
[2022.09.05-05.28.03:169][  0]LogTargetPlatformManager: Display: Loaded TargetPlatform 'LinuxClient'
[2022.09.05-05.28.03:173][  0]LogTargetPlatformManager: Display: Loaded TargetPlatform 'LinuxServer'
[2022.09.05-05.28.03:181][  0]LogTargetPlatformManager: Display: Loaded TargetPlatform 'LinuxAArch64NoEditor'
[2022.09.05-05.28.03:184][  0]LogTargetPlatformManager: Display: Loaded TargetPlatform 'LinuxAArch64Client'
[2022.09.05-05.28.03:188][  0]LogTargetPlatformManager: Display: Loaded TargetPlatform 'LinuxAArch64Server'
[2022.09.05-05.28.03:212][  0]LogTargetPlatformManager: Display: Loaded TargetPlatform 'Lumin'
[2022.09.05-05.28.03:212][  0]LogTargetPlatformManager: Display: Loaded TargetPlatform 'LuminClient'
[2022.09.05-05.28.03:221][  0]LogTargetPlatformManager: Display: Loaded TargetPlatform 'MacNoEditor'
[2022.09.05-05.28.03:224][  0]LogTargetPlatformManager: Display: Loaded TargetPlatform 'Mac'
[2022.09.05-05.28.03:227][  0]LogTargetPlatformManager: Display: Loaded TargetPlatform 'MacClient'
[2022.09.05-05.28.03:230][  0]LogTargetPlatformManager: Display: Loaded TargetPlatform 'MacServer'
[2022.09.05-05.28.03:240][  0]LogTargetPlatformManager: Display: Loaded TargetPlatform 'TVOSClient'
[2022.09.05-05.28.03:240][  0]LogTargetPlatformManager: Display: Loaded TargetPlatform 'TVOS'
[2022.09.05-05.28.03:249][  0]LogTargetPlatformManager: Display: Loaded TargetPlatform 'WindowsNoEditor'
[2022.09.05-05.28.03:254][  0]LogTargetPlatformManager: Display: Loaded TargetPlatform 'Windows'
[2022.09.05-05.28.03:257][  0]LogTargetPlatformManager: Display: Loaded TargetPlatform 'WindowsClient'
[2022.09.05-05.28.03:260][  0]LogTargetPlatformManager: Display: Loaded TargetPlatform 'WindowsServer'
[2022.09.05-05.28.03:260][  0]LogTargetPlatformManager: Display: Building Assets For Windows
[2022.09.05-05.28.03:265][  0]LogAudioDebug: Display: Lib vorbis DLL was dynamically loaded.
[2022.09.05-05.28.03:288][  0]LogTextureFormatOodle: Display: Oodle Texture 2.9.0 init RDO Off
[2022.09.05-05.28.03:311][  0]LogRendererCore: Ray tracing is disabled. Reason: r.RayTracing=0.
[2022.09.05-05.28.03:311][  0]LogShaderCompilers: Guid format shader working directory is 14 characters bigger than the processId version (../../../../../../work/Bae_0905/Intermediate/Shaders/WorkingDirectory/12504/).
[2022.09.05-05.28.03:311][  0]LogShaderCompilers: Cleaned the shader compiler working directory 'C:/Users/loveb/AppData/Local/Temp/UnrealShaderWorkingDir/6D9D156E411D9B56482FA5A4310D0380/'.
[2022.09.05-05.28.03:311][  0]LogXGEController: Cannot use XGE Controller as Incredibuild is not installed on this machine.
[2022.09.05-05.28.03:311][  0]LogShaderCompilers: Cannot use XGE Shader Compiler as Incredibuild is not installed on this machine.
[2022.09.05-05.28.03:312][  0]LogShaderCompilers: Display: Using Local Shader Compiler.
[2022.09.05-05.28.03:959][  0]LogDerivedDataCache: Display: Max Cache Size: 512 MB
[2022.09.05-05.28.04:005][  0]LogDerivedDataCache: Loaded boot cache 0.05s 94MB C:/Users/loveb/AppData/Local/UnrealEngine/4.27/DerivedDataCache/Boot.ddc.
[2022.09.05-05.28.04:005][  0]LogDerivedDataCache: Display: Loaded Boot cache: C:/Users/loveb/AppData/Local/UnrealEngine/4.27/DerivedDataCache/Boot.ddc
[2022.09.05-05.28.04:005][  0]LogDerivedDataCache: FDerivedDataBackendGraph:  Pak pak cache file ../../../../../../work/Bae_0905/DerivedDataCache/DDC.ddp not found, will not use a pak cache.
[2022.09.05-05.28.04:005][  0]LogDerivedDataCache: Unable to find inner node Pak for hierarchical cache Hierarchy.
[2022.09.05-05.28.04:005][  0]LogDerivedDataCache: FDerivedDataBackendGraph:  CompressedPak pak cache file ../../../../../../work/Bae_0905/DerivedDataCache/Compressed.ddp not found, will not use a pak cache.
[2022.09.05-05.28.04:005][  0]LogDerivedDataCache: Unable to find inner node CompressedPak for hierarchical cache Hierarchy.
[2022.09.05-05.28.04:019][  0]LogDerivedDataCache: Display: Pak cache opened for reading ../../../Engine/DerivedDataCache/Compressed.ddp.
[2022.09.05-05.28.04:020][  0]LogDerivedDataCache: FDerivedDataBackendGraph:  EnterprisePak pak cache file ../../../Enterprise/DerivedDataCache/Compressed.ddp not found, will not use a pak cache.
[2022.09.05-05.28.04:020][  0]LogDerivedDataCache: Unable to find inner node EnterprisePak for hierarchical cache Hierarchy.
[2022.09.05-05.28.04:038][  0]LogDerivedDataCache: Speed tests for C:/Users/loveb/AppData/Local/UnrealEngine/Common/DerivedDataCache took 0.02 seconds
[2022.09.05-05.28.04:038][  0]LogDerivedDataCache: Display: Performance to C:/Users/loveb/AppData/Local/UnrealEngine/Common/DerivedDataCache: Latency=0.02ms. RandomReadSpeed=378.44MBs, RandomWriteSpeed=61.75MBs. Assigned SpeedClass 'Local'
[2022.09.05-05.28.04:039][  0]LogDerivedDataCache: Using Local data cache path C:/Users/loveb/AppData/Local/UnrealEngine/Common/DerivedDataCache: Writable
[2022.09.05-05.28.04:039][  0]LogDerivedDataCache: Shared data cache path not found in *engine.ini, will not use an Shared cache.
[2022.09.05-05.28.04:039][  0]LogDerivedDataCache: Unable to find inner node Shared for hierarchical cache Hierarchy.
[2022.09.05-05.28.04:080][  0]LogSlate: Using FreeType 2.10.0
[2022.09.05-05.28.04:080][  0]LogSlate: SlateFontServices - WITH_FREETYPE: 1, WITH_HARFBUZZ: 1
[2022.09.05-05.28.04:102][  0]LogAssetRegistry: FAssetRegistry took 0.0025 seconds to start up
[2022.09.05-05.28.04:304][  0]LogInit: Selected Device Profile: [Windows]
[2022.09.05-05.28.04:304][  0]LogInit: Active device profile: [000001974A937200][000001974787D840 49] Windows
[2022.09.05-05.28.04:304][  0]LogInit: Profiles: [000001974A937200][000001974787D840 49] Windows, [000001974A8ED100][00000197436139C0 49] WindowsNoEditor, [000001974A935000][0000019743617B40 49] WindowsServer, [000001974A8EF000][00000197471FC140 49] WindowsClient, [000001974A936F00][00000197472002C0 49] IOS, [000001974A8ED500][0000019747204440 49] iPadAir, [000001974A935400][000001974761A580 49] iPadAir2, [000001974A888200][000001974720C7C0 49] IPadPro, [000001974A888300][0000019747208800 49] iPadAir3, [000001974A936B00][00000197479B6940 49] iPadAir4, [000001974A88AA00][00000197479CAAC0 49] iPadMini2, [000001974A935600][00000197479CEC40 49] iPadMini3, [000001974A889700][00000197479D2DC0 49] iPadMini4, [000001974A936700][0000019747436F40 49] iPadMini5, [000001974A85FA00][0000019747443200 49] iPhone6, [000001974A85FB00][000001974743F240 49] iPodTouch6, [000001974A88BA00][0000019747463500 49] iPhone7, [000001974A88A900][000001974745F540 49] iPodTouch7, [000001974A85D300][0000019742EE16C0 49] iPhone5S, [000001974A889600][0000019747823840 49] iPhone6Plus, [000001974A85EB00][00000197478279C0 49] iPhone6S, [000001974A88A600][000001974782BB40 49] iPhone6SPlus, [000001974A85D800][0000019747842140 49] iPhone7Plus, [000001974A889A00][00000197478462C0 49] iPhoneSE, [000001974A85FD00][0000019747856440 49] iPhone8, [000001974A889100][00000197474D65C0 49] iPhone8Plus, [000001974A85D200][00000197474DA740 49] iPhoneX, [000001974A889B00][00000197479C6880 49] iPhoneXS, [000001974A85E800][00000197474DE9C0 49] iPhoneXSMax, [000001974A88B100][00000197474E6B00 49] iPhoneXR, [000001974A85F900][00000197474EEC80 49] iPhone11, [000001974A88B700][00000197474F6E00 49] iPhone11Pro, [000001974A85EC00][00000197474FAF80 49] iPhone11ProMax, [000001974A889200][000001973D833100 49] iPhoneSE2, [000001974A85DF00][000001973D837280 49] iPhone12Mini, [000001974A889C00][000001973D83B400 49] iPhone12, [000001974A85E100][000001974785B580 49] iPhone12Pro, [000001974A889300][000001974785F700 49] iPhone12ProMax, [000001974A85E200][00000197474E3880 49] iPadPro105, [000001974A88AE00][00000197474F3A00 49] iPadPro129, [000001974A85E000][000001974786FB80 49] iPadPro97, [000001974A88AF00][0000019747872180 49] iPadPro2_129, [000001974A85FC00][0000019747876300 49] iPad5, [000001974A889000][0000019742FB6480 49] iPad6, [000001974A85C300][00000197475F8600 49] iPad7, [000001974A88BB00][0000019747852780 49] iPad8, [000001974A85F800][0000019742FBA900 49] iPadPro11, [000001974A88BE00][00000197474EAA40 49] iPadPro2_11, [000001974A85C500][0000019742FBEB80 49] iPadPro3_129, [000001974A88AB00][0000019742FC2CC0 49] iPadPro4_129, [000001974A85E700][0000019746B5CE40 49] AppleTV, [000001974A88AC00][0000019746B60FC0 49] AppleTV4K, [000001974A85F100][0000019746B65140 49] TVOS, [000001974A88B500][0000019746B692C0 49] Mac, [000001974A85CD00][0000019746B6D440 49] MacClient, [000001974A88A100][0000019746B715C0 49] MacNoEditor, [000001974A85E400][0000019746B75740 49] MacServer, [000001974A88A800][0000019746B798C0 49] Linux, [000001974A85C200][0000019746B7DA40 49] LinuxAArch64, [000001974A88B400][000001974797BBC0 49] LinuxNoEditor, [000001974A85D600][000001974797E1C0 49] LinuxAArch64NoEditor, [000001974A8EFA00][0000019747982340 49] LinuxClient, [000001974A991700][00000197479864C0 49] LinuxAArch64Client, [000001974A8ED200][000001974798A640 49] LinuxServer, [000001974A990100][000001974798E7C0 49] LinuxAArch64Server, [000001974A8ED600][0000019747992940 49] Android, [000001974A991600][0000019747996AC0 49] Android_Low, [000001974A8ED400][0000019746B58C00 49] Android_Mid, [000001974A990E00][000001974799AD40 49] Android_High, [000001974A8EEB00][000001974799EE80 49] Android_Default, [000001974A990200][00000197479A2FC0 49] Android_Adreno4xx, [000001974A8EFE00][00000197479AB140 49] Android_Adreno5xx_Low, [000001974A990300][00000197479AF2C0 49] Android_Adreno5xx, [000001974A8EED00][00000197479B3440 49] Android_Adreno6xx, [000001974A990D00][00000197471A55C0 49] Android_Adreno6xx_Vulkan, [000001974A8EC800][00000197471A9740 49] Android_Mali_T6xx, [000001974A991100][00000197471AD8C0 49] Android_Mali_T7xx, [000001974A8ECA00][00000197471B1A40 49] Android_Mali_T8xx, [000001974A991D00][00000197471B5BC0 49] Android_Mali_G71, [000001974A8EDE00][00000197471B81C0 49] Android_Mali_G72, [000001974A991000][00000197471BC340 49] Android_Mali_G72_Vulkan, [000001974A85F400][00000197471C04C0 49] Android_Mali_G76, [000001974A889800][00000197471C4640 49] Android_Mali_G76_Vulkan, [000001974A85E900][00000197471C87C0 49] Android_Mali_G77, [000001974A88B900][00000197471CC940 49] Android_Mali_G77_Vulkan, [000001974A85FE00][00000197471D0AC0 49] Android_Mali_G78, [000001974A889D00][00000197471D4C40 49] Android_Mali_G78_Vulkan, [000001974A85F700][00000197479A6D80 49] Android_Mali_G710, [000001974A888D00][00000197471D8EC0 49] Android_Mali_G710_Vulkan, [000001974A85DA00][00000197471DD000 49] Android_Vulkan_SM5, [000001974A889400][00000197471E1140 49] Android_PowerVR_G6xxx, [000001974A85F300][00000197471E92C0 49] Android_PowerVR_GT7xxx, [000001974A88B000][00000197471ED440 49] Android_PowerVR_GE8xxx, [000001974A85F600][00000197471F15C0 49] Android_PowerVR_GM9xxx, [000001974A88A300][00000197471F5740 49] Android_PowerVR_GM9xxx_Vulkan, [000001974A85E600][00000197471F98C0 49] Android_TegraK1, [000001974A888900][0000019747467A40 49] Android_Unknown_Vulkan, [000001974A85CF00][000001974746BBC0 49] Lumin, [000001974A990600][000001974746E1C0 49] Lumin_Desktop, [000001974A85D500][0000019747472340 49] HoloLens, 
[2022.09.05-05.28.04:410][  0]LogMeshReduction: Using QuadricMeshReduction for automatic static mesh reduction
[2022.09.05-05.28.04:410][  0]LogMeshReduction: Using SimplygonMeshReduction for automatic skeletal mesh reduction
[2022.09.05-05.28.04:410][  0]LogMeshReduction: Using ProxyLODMeshReduction for automatic mesh merging
[2022.09.05-05.28.04:410][  0]LogMeshReduction: No distributed automatic mesh merging module available
[2022.09.05-05.28.04:410][  0]LogMeshMerging: No distributed automatic mesh merging module available
[2022.09.05-05.28.04:420][  0]LogNetVersion: Bae_0905 1.0.0, NetCL: 17155196, EngineNetVer: 17, GameNetVer: 0 (Checksum: 950097333)
[2022.09.05-05.28.04:750][  0]LogTexture: Default maximum texture size for cubemaps generated from long-lat sources has been changed from 512 to unlimited. In order to preserve old behaiour for '/Engine/MapTemplates/Sky/DaylightAmbientCubemap.DaylightAmbientCubemap', its maximum texture size has been explicitly set to 512.
[2022.09.05-05.28.04:796][  0]LogHMD: PokeAHoleMaterial loaded successfully
[2022.09.05-05.28.04:801][  0]LogUObjectArray: 17178 objects as part of root set at end of initial load.
[2022.09.05-05.28.04:801][  0]LogUObjectAllocator: 4302048 out of 0 bytes used by permanent object pool.
[2022.09.05-05.28.04:801][  0]LogUObjectArray: CloseDisregardForGC: 0/0 objects in disregard for GC pool
[2022.09.05-05.28.04:927][  0]LogNiagaraDebuggerClient: Niagara Debugger Client Initialized | Session: 5BC0A8774CA345D24680D2B2057FEBF3 | Instance: 43AD2E724E3CF18EBF5F2CA3B3183A39 (DESKTOP-PBKMQ2T-12504).
[2022.09.05-05.28.05:022][  0]LogTcpMessaging: Initializing TcpMessaging bridge
[2022.09.05-05.28.05:025][  0]LogUdpMessaging: Initializing bridge on interface 0.0.0.0:0 to multicast group 230.0.0.1:6666.
[2022.09.05-05.28.05:138][  0]LogPython: Using Python 3.7.7
[2022.09.05-05.28.05:650][  0]SourceControl: 소스 컨트롤이 꺼졌습니다.
[2022.09.05-05.28.05:650][  0]SourceControl: 소스 컨트롤이 꺼졌습니다.
[2022.09.05-05.28.05:652][  0]SourceControl: 소스 컨트롤이 꺼졌습니다.
[2022.09.05-05.28.05:656][  0]SourceControl: 소스 컨트롤이 꺼졌습니다.
[2022.09.05-05.28.05:658][  0]SourceControl: 소스 컨트롤이 꺼졌습니다.
[2022.09.05-05.28.05:665][  0]LogUProjectInfo: Found projects:
[2022.09.05-05.28.05:723][  0]LogAndroidPermission: UAndroidPermissionCallbackProxy::GetInstance
[2022.09.05-05.28.05:741][  0]LogAudioCaptureCore: Display: No Audio Capture implementations found. Audio input will be silent.
[2022.09.05-05.28.05:741][  0]LogAudioCaptureCore: Display: No Audio Capture implementations found. Audio input will be silent.
[2022.09.05-05.28.05:982][  0]LogOpenImageDenoise: OIDN starting up
[2022.09.05-05.28.06:000][  0]LogOcInput: OculusInput pre-init called
[2022.09.05-05.28.06:188][  0]LogCollectionManager: Loaded 0 collections in 0.001165 seconds
[2022.09.05-05.28.06:196][  0]LogFileCache: Scanning file cache for directory 'C:/work/Bae_0905/Saved/Collections/' took 0.00s
[2022.09.05-05.28.06:196][  0]LogFileCache: Scanning file cache for directory 'C:/work/Bae_0905/Content/Developers/loveb/Collections/' took 0.00s
[2022.09.05-05.28.06:196][  0]LogFileCache: Scanning file cache for directory 'C:/work/Bae_0905/Content/Collections/' took 0.00s
[2022.09.05-05.28.06:556][  0]LogClass: Display: Int8Property FMTSJson::version is not initialized properly. Module:MegascansPlugin File:Private/Utilities/MTSReader.h
[2022.09.05-05.28.06:556][  0]LogClass: Display: Int16Property FMTSJson::resolutionValue is not initialized properly. Module:MegascansPlugin File:Private/Utilities/MTSReader.h
[2022.09.05-05.28.06:556][  0]LogClass: Display: BoolProperty FMTSJson::isExternal is not initialized properly. Module:MegascansPlugin File:Private/Utilities/MTSReader.h
[2022.09.05-05.28.06:556][  0]LogClass: Display: Int8Property FMTSJson::meshVersion is not initialized properly. Module:MegascansPlugin File:Private/Utilities/MTSReader.h
[2022.09.05-05.28.06:556][  0]LogClass: Display: BoolProperty FMTSJson::isCustom is not initialized properly. Module:MegascansPlugin File:Private/Utilities/MTSReader.h
[2022.09.05-05.28.06:556][  0]LogClass: Display: BoolProperty FMTSJson::isModularAsset is not initialized properly. Module:MegascansPlugin File:Private/Utilities/MTSReader.h
[2022.09.05-05.28.06:556][  0]LogClass: Display: Int8Property FLodList::variation is not initialized properly. Module:MegascansPlugin File:Private/Utilities/MTSReader.h
[2022.09.05-05.28.06:556][  0]LogClass: Display: Int16Property FMeshList::resolution is not initialized properly. Module:MegascansPlugin File:Private/Utilities/MTSReader.h
[2022.09.05-05.28.06:556][  0]LogClass: Display: Int16Property FComponents::resolution is not initialized properly. Module:MegascansPlugin File:Private/Utilities/MTSReader.h
[2022.09.05-05.28.06:556][  0]LogClass: Display: BoolProperty FTextureSets::isUdim is not initialized properly. Module:MegascansPlugin File:Private/Utilities/MTSReader.h
[2022.09.05-05.28.06:556][  0]LogClass: Display: BoolProperty FMeta::value is not initialized properly. Module:MegascansPlugin File:Private/Utilities/MTSReader.h
[2022.09.05-05.28.06:556][  0]LogClass: Display: 11 Uninitialized script struct members found including 0 object properties
[2022.09.05-05.28.06:557][  0]LogEngine: Initializing Engine...
[2022.09.05-05.28.06:559][  0]LogHMD: Failed to enumerate extensions. Please check that you have a valid OpenXR runtime installed.
[2022.09.05-05.28.06:559][  0]LogHMD: Failed to initialize OpenVR with code 110
[2022.09.05-05.28.06:559][  0]LogMagicLeap: Warning: VR disabled because ZI is not enabled.  To enable, in the editor, Edit -> Project Settings -> Plugins -> Magic Leap Plugin -> Enable Zero Iteration
[2022.09.05-05.28.06:559][  0]LogStats: UGameplayTagsManager::InitializeManager -  0.000 s
[2022.09.05-05.28.06:657][  0]LogInit: Initializing FReadOnlyCVARCache
[2022.09.05-05.28.06:664][  0]LogAIModule: Creating AISystem for world Untitled
[2022.09.05-05.28.06:673][  0]LogAudio: Display: Initializing Audio Device Manager...
[2022.09.05-05.28.06:676][  0]LogAudio: Display: Loading Default Audio Settings Objects...
[2022.09.05-05.28.06:676][  0]LogAudio: Display: No default SoundConcurrencyObject specified (or failed to load).
[2022.09.05-05.28.06:677][  0]LogAudio: Display: Audio Device Manager Initialized
[2022.09.05-05.28.06:677][  0]LogAudio: Display: Creating Audio Device:                 Id: 1, Scope: Shared, Realtime: True
[2022.09.05-05.28.06:677][  0]LogAudioMixer: Display: Audio Mixer Platform Settings:
[2022.09.05-05.28.06:677][  0]LogAudioMixer: Display: 	Sample Rate:						  48000
[2022.09.05-05.28.06:677][  0]LogAudioMixer: Display: 	Callback Buffer Frame Size Requested: 1024
[2022.09.05-05.28.06:677][  0]LogAudioMixer: Display: 	Callback Buffer Frame Size To Use:	  1024
[2022.09.05-05.28.06:677][  0]LogAudioMixer: Display: 	Number of buffers to queue:			  2
[2022.09.05-05.28.06:677][  0]LogAudioMixer: Display: 	Max Channels (voices):				  32
[2022.09.05-05.28.06:677][  0]LogAudioMixer: Display: 	Number of Async Source Workers:		  0
[2022.09.05-05.28.06:677][  0]LogAudio: Display: AudioDevice MaxSources: 32
[2022.09.05-05.28.06:677][  0]LogAudio: Display: Audio Spatialization Plugin: None (built-in).
[2022.09.05-05.28.06:677][  0]LogAudio: Display: Audio Reverb Plugin: None (built-in).
[2022.09.05-05.28.06:677][  0]LogAudio: Display: Audio Occlusion Plugin: None (built-in).
[2022.09.05-05.28.06:677][  0]LogAudioMixer: Display: Initializing audio mixer.
[2022.09.05-05.28.06:689][  0]LogAudioMixer: Display: 0: FrontLeft
[2022.09.05-05.28.06:689][  0]LogAudioMixer: Display: 1: FrontRight
[2022.09.05-05.28.07:408][  0]LogAudioMixer: Display: Using Audio Device 스피커(Realtek(R) Audio)
[2022.09.05-05.28.07:410][  0]LogAudioMixer: Display: Initializing Sound Submixes...
[2022.09.05-05.28.07:411][  0]LogAudioMixer: Display: Creating Master Submix 'MasterSubmixDefault'
[2022.09.05-05.28.07:411][  0]LogAudioMixer: Display: Creating Master Submix 'MasterReverbSubmixDefault'
[2022.09.05-05.28.07:412][  0]LogAudioMixer: Display: Creating Master Submix 'MasterEQSubmixDefault'
[2022.09.05-05.28.07:412][  0]LogAudioMixer: FMixerPlatformXAudio2::StartAudioStream() called
[2022.09.05-05.28.07:412][  0]LogAudioMixer: Display: Output buffers initialized: Frames=1024, Channels=2, Samples=2048
[2022.09.05-05.28.07:412][  0]LogAudioMixer: Display: Starting AudioMixerPlatformInterface::RunInternal()
[2022.09.05-05.28.07:412][  0]LogAudioMixer: Display: FMixerPlatformXAudio2::SubmitBuffer() called for the first time
[2022.09.05-05.28.07:412][  0]LogInit: FAudioDevice initialized.
[2022.09.05-05.28.07:413][  0]LogAudio: Display: Audio Device (ID: 1) registered with world 'Untitled'.
[2022.09.05-05.28.07:413][  0]LogNetVersion: Set ProjectVersion to 1.0.0.0. Version Checksum will be recalculated on next use.
[2022.09.05-05.28.07:455][  0]LogDerivedDataCache: Saved boot cache 0.04s 94MB C:/Users/loveb/AppData/Local/UnrealEngine/4.27/DerivedDataCache/Boot.ddc.
[2022.09.05-05.28.07:455][  0]LogInit: Texture streaming: Enabled
[2022.09.05-05.28.07:468][  0]LogAnalytics: Display: [UEEditor.Rocket.Release] APIServer = https://datarouter.ol.epicgames.com/. AppVersion = 4.27.2-18319896+++UE4+Release-4.27
[2022.09.05-05.28.07:470][  0]LogEngineSessionManager: EngineSessionManager initialized
[2022.09.05-05.28.07:470][  0]LogEditorSessionSummary: Verbose: Initializing EditorSessionSummaryWriter for editor session tracking
[2022.09.05-05.28.07:471][  0]LogEditorSessionSummary: EditorSessionSummaryWriter initialized
[2022.09.05-05.28.07:492][  0]LogInit: Transaction tracking system initialized
[2022.09.05-05.28.07:507][  0]BlueprintLog: New page: 에디터 로드
[2022.09.05-05.28.07:552][  0]LocalizationService: 현지화 서비스가 비활성화되었습니다.
[2022.09.05-05.28.07:568][  0]TimingProfiler: Initialize
[2022.09.05-05.28.07:568][  0]TimingProfiler: OnSessionChanged
[2022.09.05-05.28.07:568][  0]LoadingProfiler: Initialize
[2022.09.05-05.28.07:568][  0]LoadingProfiler: OnSessionChanged
[2022.09.05-05.28.07:568][  0]NetworkingProfiler: Initialize
[2022.09.05-05.28.07:568][  0]NetworkingProfiler: OnSessionChanged
[2022.09.05-05.28.07:568][  0]MemoryProfiler: Initialize
[2022.09.05-05.28.07:568][  0]MemoryProfiler: OnSessionChanged
[2022.09.05-05.28.07:684][  0]LogCook: Display: CookSettings for Memory: MemoryMaxUsedVirtual 0MiB, MemoryMaxUsedPhysical 16384MiB, MemoryMinFreeVirtual 0MiB, MemoryMinFreePhysical 1024MiB
[2022.09.05-05.28.07:684][  0]LogCook: Display: Mobile HDR setting 1
[2022.09.05-05.28.07:831][  0]LogFileCache: Scanning file cache for directory 'C:/work/Bae_0905/Content/' took 0.00s
[2022.09.05-05.28.08:026][  0]LogInit: Display: Engine is initialized. Leaving FEngineLoop::Init()
[2022.09.05-05.28.08:029][  0]SourceControl: 소스 컨트롤이 꺼졌습니다.
[2022.09.05-05.28.08:029][  0]LogUnrealEdMisc: Loading editor; pre map load, took 6.532
[2022.09.05-05.28.08:029][  0]Cmd: MAP LOAD FILE="../../../../../../work/Bae_0905/Content/FirstPersonBP/Maps/FirstPersonExampleMap.umap" TEMPLATE=0 SHOWPROGRESS=1 FEATURELEVEL=3
[2022.09.05-05.28.08:029][  0]LightingResults: New page: 라이팅 빌드
[2022.09.05-05.28.08:030][  0]LogWorld: UWorld::CleanupWorld for Untitled, bSessionEnded=true, bCleanupResources=true
[2022.09.05-05.28.08:030][  0]LogSlate: InvalidateAllWidgets triggered.  All widgets were invalidated
[2022.09.05-05.28.08:030][  0]MapCheck: New page: 맵 체크
[2022.09.05-05.28.08:030][  0]LightingResults: New page: 라이팅 빌드
[2022.09.05-05.28.08:034][  0]LogAudio: Display: Audio Device unregistered from world 'None'.
[2022.09.05-05.28.08:036][  0]LogUObjectHash: Compacting FUObjectHashTables data took   0.69ms
[2022.09.05-05.28.08:232][  0]LogAudio: Display: Audio Device (ID: 1) registered with world 'FirstPersonExampleMap'.
[2022.09.05-05.28.08:233][  0]LogAIModule: Creating AISystem for world FirstPersonExampleMap
[2022.09.05-05.28.08:241][  0]LogEditorServer: Finished looking for orphan Actors (0.000 secs)
[2022.09.05-05.28.08:249][  0]LogUObjectHash: Compacting FUObjectHashTables data took   0.82ms
[2022.09.05-05.28.08:249][  0]Cmd: MAP CHECKDEP NOCLEARLOG
[2022.09.05-05.28.08:249][  0]MapCheck: 맵 체크 완료: 오류 0 회, 경고 0 회, 소요 시간 0.124ms.
[2022.09.05-05.28.08:249][  0]LogFileHelpers: Loading map 'FirstPersonExampleMap' took 0.221
[2022.09.05-05.28.08:251][  0]LogUnrealEdMisc: Total Editor Startup Time, took 6.754
[2022.09.05-05.28.08:343][  0]LogSlate: Updating window title bar state: overlay mode, drag disabled, window buttons hidden, title bar hidden
[2022.09.05-05.28.08:349][  0]LogSlate: Updating window title bar state: overlay mode, drag disabled, window buttons hidden, title bar hidden
[2022.09.05-05.28.08:354][  0]LogSlate: Updating window title bar state: overlay mode, drag disabled, window buttons hidden, title bar hidden
[2022.09.05-05.28.08:359][  0]LogSlate: Updating window title bar state: overlay mode, drag disabled, window buttons hidden, title bar hidden
[2022.09.05-05.28.08:365][  0]LogPakFile: PakFile PrimaryIndexSize=187
[2022.09.05-05.28.08:365][  0]LogPakFile: PakFile PathHashIndexSize=101
[2022.09.05-05.28.08:365][  0]LogPakFile: PakFile FullDirectoryIndexSize=148
[2022.09.05-05.28.08:365][  0]LogShaderLibrary: Display: ShaderCodeLibraryPakFileMountedCallback: PakFile 'C:/Program Files/Epic Games/UE_4.27/FeaturePacks/FP_FirstPerson.upack' (chunk index -1, root 'root:/') mounted
[2022.09.05-05.28.08:365][  0]LogShaderLibrary: Display: ShaderCodeLibraryPakFileMountedCallback: pending pak file info (ChunkID:-1 Root:root:/ File:C:/Program Files/Epic Games/UE_4.27/FeaturePacks/FP_FirstPerson.upack)
[2022.09.05-05.28.08:365][  0]LogPakFile: OnPakFileMounted2Time == 0.000044
[2022.09.05-05.28.08:365][  0]LogPakFile: PakFile PrimaryIndexSize=189
[2022.09.05-05.28.08:365][  0]LogPakFile: PakFile PathHashIndexSize=101
[2022.09.05-05.28.08:365][  0]LogPakFile: PakFile FullDirectoryIndexSize=152
[2022.09.05-05.28.08:365][  0]LogShaderLibrary: Display: ShaderCodeLibraryPakFileMountedCallback: PakFile 'C:/Program Files/Epic Games/UE_4.27/FeaturePacks/FP_FirstPersonBP.upack' (chunk index -1, root 'root:/') mounted
[2022.09.05-05.28.08:365][  0]LogShaderLibrary: Display: ShaderCodeLibraryPakFileMountedCallback: pending pak file info (ChunkID:-1 Root:root:/ File:C:/Program Files/Epic Games/UE_4.27/FeaturePacks/FP_FirstPersonBP.upack)
[2022.09.05-05.28.08:365][  0]LogPakFile: OnPakFileMounted2Time == 0.000032
[2022.09.05-05.28.08:366][  0]LogPakFile: PakFile PrimaryIndexSize=191
[2022.09.05-05.28.08:366][  0]LogPakFile: PakFile PathHashIndexSize=101
[2022.09.05-05.28.08:366][  0]LogPakFile: PakFile FullDirectoryIndexSize=160
[2022.09.05-05.28.08:366][  0]LogShaderLibrary: Display: ShaderCodeLibraryPakFileMountedCallback: PakFile 'C:/Program Files/Epic Games/UE_4.27/FeaturePacks/MobileStarterContent.upack' (chunk index -1, root 'root:/') mounted
[2022.09.05-05.28.08:366][  0]LogShaderLibrary: Display: ShaderCodeLibraryPakFileMountedCallback: pending pak file info (ChunkID:-1 Root:root:/ File:C:/Program Files/Epic Games/UE_4.27/FeaturePacks/MobileStarterContent.upack)
[2022.09.05-05.28.08:366][  0]LogPakFile: OnPakFileMounted2Time == 0.000028
[2022.09.05-05.28.08:366][  0]LogPakFile: PakFile PrimaryIndexSize=185
[2022.09.05-05.28.08:366][  0]LogPakFile: PakFile PathHashIndexSize=101
[2022.09.05-05.28.08:366][  0]LogPakFile: PakFile FullDirectoryIndexSize=148
[2022.09.05-05.28.08:366][  0]LogShaderLibrary: Display: ShaderCodeLibraryPakFileMountedCallback: PakFile 'C:/Program Files/Epic Games/UE_4.27/FeaturePacks/StarterContent.upack' (chunk index -1, root 'root:/') mounted
[2022.09.05-05.28.08:366][  0]LogShaderLibrary: Display: ShaderCodeLibraryPakFileMountedCallback: pending pak file info (ChunkID:-1 Root:root:/ File:C:/Program Files/Epic Games/UE_4.27/FeaturePacks/StarterContent.upack)
[2022.09.05-05.28.08:366][  0]LogPakFile: OnPakFileMounted2Time == 0.000029
[2022.09.05-05.28.08:366][  0]LogPakFile: PakFile PrimaryIndexSize=190
[2022.09.05-05.28.08:366][  0]LogPakFile: PakFile PathHashIndexSize=101
[2022.09.05-05.28.08:366][  0]LogPakFile: PakFile FullDirectoryIndexSize=154
[2022.09.05-05.28.08:367][  0]LogShaderLibrary: Display: ShaderCodeLibraryPakFileMountedCallback: PakFile 'C:/Program Files/Epic Games/UE_4.27/FeaturePacks/TP_2DSideScroller.upack' (chunk index -1, root 'root:/') mounted
[2022.09.05-05.28.08:367][  0]LogShaderLibrary: Display: ShaderCodeLibraryPakFileMountedCallback: pending pak file info (ChunkID:-1 Root:root:/ File:C:/Program Files/Epic Games/UE_4.27/FeaturePacks/TP_2DSideScroller.upack)
[2022.09.05-05.28.08:367][  0]LogPakFile: OnPakFileMounted2Time == 0.000030
[2022.09.05-05.28.08:367][  0]LogPakFile: PakFile PrimaryIndexSize=192
[2022.09.05-05.28.08:367][  0]LogPakFile: PakFile PathHashIndexSize=101
[2022.09.05-05.28.08:367][  0]LogPakFile: PakFile FullDirectoryIndexSize=158
[2022.09.05-05.28.08:367][  0]LogShaderLibrary: Display: ShaderCodeLibraryPakFileMountedCallback: PakFile 'C:/Program Files/Epic Games/UE_4.27/FeaturePacks/TP_2DSideScrollerBP.upack' (chunk index -1, root 'root:/') mounted
[2022.09.05-05.28.08:367][  0]LogShaderLibrary: Display: ShaderCodeLibraryPakFileMountedCallback: pending pak file info (ChunkID:-1 Root:root:/ File:C:/Program Files/Epic Games/UE_4.27/FeaturePacks/TP_2DSideScrollerBP.upack)
[2022.09.05-05.28.08:367][  0]LogPakFile: OnPakFileMounted2Time == 0.000027
[2022.09.05-05.28.08:367][  0]LogPakFile: PakFile PrimaryIndexSize=182
[2022.09.05-05.28.08:367][  0]LogPakFile: PakFile PathHashIndexSize=101
[2022.09.05-05.28.08:367][  0]LogPakFile: PakFile FullDirectoryIndexSize=138
[2022.09.05-05.28.08:367][  0]LogShaderLibrary: Display: ShaderCodeLibraryPakFileMountedCallback: PakFile 'C:/Program Files/Epic Games/UE_4.27/FeaturePacks/TP_Flying.upack' (chunk index -1, root 'root:/') mounted
[2022.09.05-05.28.08:367][  0]LogShaderLibrary: Display: ShaderCodeLibraryPakFileMountedCallback: pending pak file info (ChunkID:-1 Root:root:/ File:C:/Program Files/Epic Games/UE_4.27/FeaturePacks/TP_Flying.upack)
[2022.09.05-05.28.08:368][  0]LogPakFile: OnPakFileMounted2Time == 0.000030
[2022.09.05-05.28.08:368][  0]LogPakFile: PakFile PrimaryIndexSize=184
[2022.09.05-05.28.08:368][  0]LogPakFile: PakFile PathHashIndexSize=101
[2022.09.05-05.28.08:368][  0]LogPakFile: PakFile FullDirectoryIndexSize=142
[2022.09.05-05.28.08:368][  0]LogShaderLibrary: Display: ShaderCodeLibraryPakFileMountedCallback: PakFile 'C:/Program Files/Epic Games/UE_4.27/FeaturePacks/TP_FlyingBP.upack' (chunk index -1, root 'root:/') mounted
[2022.09.05-05.28.08:368][  0]LogShaderLibrary: Display: ShaderCodeLibraryPakFileMountedCallback: pending pak file info (ChunkID:-1 Root:root:/ File:C:/Program Files/Epic Games/UE_4.27/FeaturePacks/TP_FlyingBP.upack)
[2022.09.05-05.28.08:368][  0]LogPakFile: OnPakFileMounted2Time == 0.000028
[2022.09.05-05.28.08:368][  0]LogPakFile: PakFile PrimaryIndexSize=188
[2022.09.05-05.28.08:368][  0]LogPakFile: PakFile PathHashIndexSize=101
[2022.09.05-05.28.08:368][  0]LogPakFile: PakFile FullDirectoryIndexSize=150
[2022.09.05-05.28.08:368][  0]LogShaderLibrary: Display: ShaderCodeLibraryPakFileMountedCallback: PakFile 'C:/Program Files/Epic Games/UE_4.27/FeaturePacks/TP_HandheldARBP.upack' (chunk index -1, root 'root:/') mounted
[2022.09.05-05.28.08:368][  0]LogShaderLibrary: Display: ShaderCodeLibraryPakFileMountedCallback: pending pak file info (ChunkID:-1 Root:root:/ File:C:/Program Files/Epic Games/UE_4.27/FeaturePacks/TP_HandheldARBP.upack)
[2022.09.05-05.28.08:368][  0]LogPakFile: OnPakFileMounted2Time == 0.000027
[2022.09.05-05.28.08:369][  0]LogPakFile: PakFile PrimaryIndexSize=182
[2022.09.05-05.28.08:369][  0]LogPakFile: PakFile PathHashIndexSize=101
[2022.09.05-05.28.08:369][  0]LogPakFile: PakFile FullDirectoryIndexSize=138
[2022.09.05-05.28.08:369][  0]LogShaderLibrary: Display: ShaderCodeLibraryPakFileMountedCallback: PakFile 'C:/Program Files/Epic Games/UE_4.27/FeaturePacks/TP_Puzzle.upack' (chunk index -1, root 'root:/') mounted
[2022.09.05-05.28.08:369][  0]LogShaderLibrary: Display: ShaderCodeLibraryPakFileMountedCallback: pending pak file info (ChunkID:-1 Root:root:/ File:C:/Program Files/Epic Games/UE_4.27/FeaturePacks/TP_Puzzle.upack)
[2022.09.05-05.28.08:369][  0]LogPakFile: OnPakFileMounted2Time == 0.000050
[2022.09.05-05.28.08:370][  0]LogPakFile: PakFile PrimaryIndexSize=184
[2022.09.05-05.28.08:370][  0]LogPakFile: PakFile PathHashIndexSize=101
[2022.09.05-05.28.08:370][  0]LogPakFile: PakFile FullDirectoryIndexSize=142
[2022.09.05-05.28.08:370][  0]LogShaderLibrary: Display: ShaderCodeLibraryPakFileMountedCallback: PakFile 'C:/Program Files/Epic Games/UE_4.27/FeaturePacks/TP_PuzzleBP.upack' (chunk index -1, root 'root:/') mounted
[2022.09.05-05.28.08:370][  0]LogShaderLibrary: Display: ShaderCodeLibraryPakFileMountedCallback: pending pak file info (ChunkID:-1 Root:root:/ File:C:/Program Files/Epic Games/UE_4.27/FeaturePacks/TP_PuzzleBP.upack)
[2022.09.05-05.28.08:370][  0]LogPakFile: OnPakFileMounted2Time == 0.000030
[2022.09.05-05.28.08:370][  0]LogPakFile: PakFile PrimaryIndexSize=183
[2022.09.05-05.28.08:370][  0]LogPakFile: PakFile PathHashIndexSize=101
[2022.09.05-05.28.08:370][  0]LogPakFile: PakFile FullDirectoryIndexSize=140
[2022.09.05-05.28.08:370][  0]LogShaderLibrary: Display: ShaderCodeLibraryPakFileMountedCallback: PakFile 'C:/Program Files/Epic Games/UE_4.27/FeaturePacks/TP_Rolling.upack' (chunk index -1, root 'root:/') mounted
[2022.09.05-05.28.08:370][  0]LogShaderLibrary: Display: ShaderCodeLibraryPakFileMountedCallback: pending pak file info (ChunkID:-1 Root:root:/ File:C:/Program Files/Epic Games/UE_4.27/FeaturePacks/TP_Rolling.upack)
[2022.09.05-05.28.08:370][  0]LogPakFile: OnPakFileMounted2Time == 0.000028
[2022.09.05-05.28.08:371][  0]LogPakFile: PakFile PrimaryIndexSize=185
[2022.09.05-05.28.08:371][  0]LogPakFile: PakFile PathHashIndexSize=101
[2022.09.05-05.28.08:371][  0]LogPakFile: PakFile FullDirectoryIndexSize=144
[2022.09.05-05.28.08:371][  0]LogShaderLibrary: Display: ShaderCodeLibraryPakFileMountedCallback: PakFile 'C:/Program Files/Epic Games/UE_4.27/FeaturePacks/TP_RollingBP.upack' (chunk index -1, root 'root:/') mounted
[2022.09.05-05.28.08:371][  0]LogShaderLibrary: Display: ShaderCodeLibraryPakFileMountedCallback: pending pak file info (ChunkID:-1 Root:root:/ File:C:/Program Files/Epic Games/UE_4.27/FeaturePacks/TP_RollingBP.upack)
[2022.09.05-05.28.08:371][  0]LogPakFile: OnPakFileMounted2Time == 0.000029
[2022.09.05-05.28.08:371][  0]LogPakFile: PakFile PrimaryIndexSize=188
[2022.09.05-05.28.08:371][  0]LogPakFile: PakFile PathHashIndexSize=101
[2022.09.05-05.28.08:371][  0]LogPakFile: PakFile FullDirectoryIndexSize=150
[2022.09.05-05.28.08:371][  0]LogShaderLibrary: Display: ShaderCodeLibraryPakFileMountedCallback: PakFile 'C:/Program Files/Epic Games/UE_4.27/FeaturePacks/TP_SideScroller.upack' (chunk index -1, root 'root:/') mounted
[2022.09.05-05.28.08:371][  0]LogShaderLibrary: Display: ShaderCodeLibraryPakFileMountedCallback: pending pak file info (ChunkID:-1 Root:root:/ File:C:/Program Files/Epic Games/UE_4.27/FeaturePacks/TP_SideScroller.upack)
[2022.09.05-05.28.08:371][  0]LogPakFile: OnPakFileMounted2Time == 0.000027
[2022.09.05-05.28.08:371][  0]LogPakFile: PakFile PrimaryIndexSize=190
[2022.09.05-05.28.08:372][  0]LogPakFile: PakFile PathHashIndexSize=101
[2022.09.05-05.28.08:372][  0]LogPakFile: PakFile FullDirectoryIndexSize=154
[2022.09.05-05.28.08:372][  0]LogShaderLibrary: Display: ShaderCodeLibraryPakFileMountedCallback: PakFile 'C:/Program Files/Epic Games/UE_4.27/FeaturePacks/TP_SideScrollerBP.upack' (chunk index -1, root 'root:/') mounted
[2022.09.05-05.28.08:372][  0]LogShaderLibrary: Display: ShaderCodeLibraryPakFileMountedCallback: pending pak file info (ChunkID:-1 Root:root:/ File:C:/Program Files/Epic Games/UE_4.27/FeaturePacks/TP_SideScrollerBP.upack)
[2022.09.05-05.28.08:372][  0]LogPakFile: OnPakFileMounted2Time == 0.000027
[2022.09.05-05.28.08:372][  0]LogPakFile: PakFile PrimaryIndexSize=187
[2022.09.05-05.28.08:372][  0]LogPakFile: PakFile PathHashIndexSize=101
[2022.09.05-05.28.08:372][  0]LogPakFile: PakFile FullDirectoryIndexSize=148
[2022.09.05-05.28.08:372][  0]LogShaderLibrary: Display: ShaderCodeLibraryPakFileMountedCallback: PakFile 'C:/Program Files/Epic Games/UE_4.27/FeaturePacks/TP_ThirdPerson.upack' (chunk index -1, root 'root:/') mounted
[2022.09.05-05.28.08:372][  0]LogShaderLibrary: Display: ShaderCodeLibraryPakFileMountedCallback: pending pak file info (ChunkID:-1 Root:root:/ File:C:/Program Files/Epic Games/UE_4.27/FeaturePacks/TP_ThirdPerson.upack)
[2022.09.05-05.28.08:372][  0]LogPakFile: OnPakFileMounted2Time == 0.000030
[2022.09.05-05.28.08:372][  0]LogPakFile: PakFile PrimaryIndexSize=189
[2022.09.05-05.28.08:372][  0]LogPakFile: PakFile PathHashIndexSize=101
[2022.09.05-05.28.08:372][  0]LogPakFile: PakFile FullDirectoryIndexSize=152
[2022.09.05-05.28.08:372][  0]LogShaderLibrary: Display: ShaderCodeLibraryPakFileMountedCallback: PakFile 'C:/Program Files/Epic Games/UE_4.27/FeaturePacks/TP_ThirdPersonBP.upack' (chunk index -1, root 'root:/') mounted
[2022.09.05-05.28.08:372][  0]LogShaderLibrary: Display: ShaderCodeLibraryPakFileMountedCallback: pending pak file info (ChunkID:-1 Root:root:/ File:C:/Program Files/Epic Games/UE_4.27/FeaturePacks/TP_ThirdPersonBP.upack)
[2022.09.05-05.28.08:372][  0]LogPakFile: OnPakFileMounted2Time == 0.000027
[2022.09.05-05.28.08:373][  0]LogPakFile: PakFile PrimaryIndexSize=183
[2022.09.05-05.28.08:373][  0]LogPakFile: PakFile PathHashIndexSize=101
[2022.09.05-05.28.08:373][  0]LogPakFile: PakFile FullDirectoryIndexSize=140
[2022.09.05-05.28.08:373][  0]LogShaderLibrary: Display: ShaderCodeLibraryPakFileMountedCallback: PakFile 'C:/Program Files/Epic Games/UE_4.27/FeaturePacks/TP_TopDown.upack' (chunk index -1, root 'root:/') mounted
[2022.09.05-05.28.08:373][  0]LogShaderLibrary: Display: ShaderCodeLibraryPakFileMountedCallback: pending pak file info (ChunkID:-1 Root:root:/ File:C:/Program Files/Epic Games/UE_4.27/FeaturePacks/TP_TopDown.upack)
[2022.09.05-05.28.08:373][  0]LogPakFile: OnPakFileMounted2Time == 0.000035
[2022.09.05-05.28.08:373][  0]LogPakFile: PakFile PrimaryIndexSize=185
[2022.09.05-05.28.08:373][  0]LogPakFile: PakFile PathHashIndexSize=101
[2022.09.05-05.28.08:373][  0]LogPakFile: PakFile FullDirectoryIndexSize=144
[2022.09.05-05.28.08:373][  0]LogShaderLibrary: Display: ShaderCodeLibraryPakFileMountedCallback: PakFile 'C:/Program Files/Epic Games/UE_4.27/FeaturePacks/TP_TopDownBP.upack' (chunk index -1, root 'root:/') mounted
[2022.09.05-05.28.08:373][  0]LogShaderLibrary: Display: ShaderCodeLibraryPakFileMountedCallback: pending pak file info (ChunkID:-1 Root:root:/ File:C:/Program Files/Epic Games/UE_4.27/FeaturePacks/TP_TopDownBP.upack)
[2022.09.05-05.28.08:373][  0]LogPakFile: OnPakFileMounted2Time == 0.000027
[2022.09.05-05.28.08:374][  0]LogPakFile: PakFile PrimaryIndexSize=185
[2022.09.05-05.28.08:374][  0]LogPakFile: PakFile PathHashIndexSize=101
[2022.09.05-05.28.08:374][  0]LogPakFile: PakFile FullDirectoryIndexSize=144
[2022.09.05-05.28.08:374][  0]LogShaderLibrary: Display: ShaderCodeLibraryPakFileMountedCallback: PakFile 'C:/Program Files/Epic Games/UE_4.27/FeaturePacks/TP_TwinStick.upack' (chunk index -1, root 'root:/') mounted
[2022.09.05-05.28.08:374][  0]LogShaderLibrary: Display: ShaderCodeLibraryPakFileMountedCallback: pending pak file info (ChunkID:-1 Root:root:/ File:C:/Program Files/Epic Games/UE_4.27/FeaturePacks/TP_TwinStick.upack)
[2022.09.05-05.28.08:374][  0]LogPakFile: OnPakFileMounted2Time == 0.000027
[2022.09.05-05.28.08:374][  0]LogPakFile: PakFile PrimaryIndexSize=187
[2022.09.05-05.28.08:374][  0]LogPakFile: PakFile PathHashIndexSize=101
[2022.09.05-05.28.08:374][  0]LogPakFile: PakFile FullDirectoryIndexSize=148
[2022.09.05-05.28.08:374][  0]LogShaderLibrary: Display: ShaderCodeLibraryPakFileMountedCallback: PakFile 'C:/Program Files/Epic Games/UE_4.27/FeaturePacks/TP_TwinStickBP.upack' (chunk index -1, root 'root:/') mounted
[2022.09.05-05.28.08:374][  0]LogShaderLibrary: Display: ShaderCodeLibraryPakFileMountedCallback: pending pak file info (ChunkID:-1 Root:root:/ File:C:/Program Files/Epic Games/UE_4.27/FeaturePacks/TP_TwinStickBP.upack)
[2022.09.05-05.28.08:374][  0]LogPakFile: OnPakFileMounted2Time == 0.000027
[2022.09.05-05.28.08:375][  0]LogPakFile: PakFile PrimaryIndexSize=183
[2022.09.05-05.28.08:375][  0]LogPakFile: PakFile PathHashIndexSize=101
[2022.09.05-05.28.08:375][  0]LogPakFile: PakFile FullDirectoryIndexSize=140
[2022.09.05-05.28.08:375][  0]LogShaderLibrary: Display: ShaderCodeLibraryPakFileMountedCallback: PakFile 'C:/Program Files/Epic Games/UE_4.27/FeaturePacks/TP_Vehicle.upack' (chunk index -1, root 'root:/') mounted
[2022.09.05-05.28.08:375][  0]LogShaderLibrary: Display: ShaderCodeLibraryPakFileMountedCallback: pending pak file info (ChunkID:-1 Root:root:/ File:C:/Program Files/Epic Games/UE_4.27/FeaturePacks/TP_Vehicle.upack)
[2022.09.05-05.28.08:375][  0]LogPakFile: OnPakFileMounted2Time == 0.000036
[2022.09.05-05.28.08:375][  0]LogPakFile: PakFile PrimaryIndexSize=186
[2022.09.05-05.28.08:375][  0]LogPakFile: PakFile PathHashIndexSize=101
[2022.09.05-05.28.08:375][  0]LogPakFile: PakFile FullDirectoryIndexSize=146
[2022.09.05-05.28.08:375][  0]LogShaderLibrary: Display: ShaderCodeLibraryPakFileMountedCallback: PakFile 'C:/Program Files/Epic Games/UE_4.27/FeaturePacks/TP_VehicleAdv.upack' (chunk index -1, root 'root:/') mounted
[2022.09.05-05.28.08:375][  0]LogShaderLibrary: Display: ShaderCodeLibraryPakFileMountedCallback: pending pak file info (ChunkID:-1 Root:root:/ File:C:/Program Files/Epic Games/UE_4.27/FeaturePacks/TP_VehicleAdv.upack)
[2022.09.05-05.28.08:375][  0]LogPakFile: OnPakFileMounted2Time == 0.000028
[2022.09.05-05.28.08:375][  0]LogPakFile: PakFile PrimaryIndexSize=188
[2022.09.05-05.28.08:375][  0]LogPakFile: PakFile PathHashIndexSize=101
[2022.09.05-05.28.08:376][  0]LogPakFile: PakFile FullDirectoryIndexSize=150
[2022.09.05-05.28.08:376][  0]LogShaderLibrary: Display: ShaderCodeLibraryPakFileMountedCallback: PakFile 'C:/Program Files/Epic Games/UE_4.27/FeaturePacks/TP_VehicleAdvBP.upack' (chunk index -1, root 'root:/') mounted
[2022.09.05-05.28.08:376][  0]LogShaderLibrary: Display: ShaderCodeLibraryPakFileMountedCallback: pending pak file info (ChunkID:-1 Root:root:/ File:C:/Program Files/Epic Games/UE_4.27/FeaturePacks/TP_VehicleAdvBP.upack)
[2022.09.05-05.28.08:376][  0]LogPakFile: OnPakFileMounted2Time == 0.000029
[2022.09.05-05.28.08:376][  0]LogPakFile: PakFile PrimaryIndexSize=185
[2022.09.05-05.28.08:376][  0]LogPakFile: PakFile PathHashIndexSize=101
[2022.09.05-05.28.08:376][  0]LogPakFile: PakFile FullDirectoryIndexSize=144
[2022.09.05-05.28.08:376][  0]LogShaderLibrary: Display: ShaderCodeLibraryPakFileMountedCallback: PakFile 'C:/Program Files/Epic Games/UE_4.27/FeaturePacks/TP_VehicleBP.upack' (chunk index -1, root 'root:/') mounted
[2022.09.05-05.28.08:376][  0]LogShaderLibrary: Display: ShaderCodeLibraryPakFileMountedCallback: pending pak file info (ChunkID:-1 Root:root:/ File:C:/Program Files/Epic Games/UE_4.27/FeaturePacks/TP_VehicleBP.upack)
[2022.09.05-05.28.08:376][  0]LogPakFile: OnPakFileMounted2Time == 0.000027
[2022.09.05-05.28.08:376][  0]LogPakFile: PakFile PrimaryIndexSize=192
[2022.09.05-05.28.08:376][  0]LogPakFile: PakFile PathHashIndexSize=101
[2022.09.05-05.28.08:376][  0]LogPakFile: PakFile FullDirectoryIndexSize=158
[2022.09.05-05.28.08:376][  0]LogShaderLibrary: Display: ShaderCodeLibraryPakFileMountedCallback: PakFile 'C:/Program Files/Epic Games/UE_4.27/FeaturePacks/TP_VirtualRealityBP.upack' (chunk index -1, root 'root:/') mounted
[2022.09.05-05.28.08:376][  0]LogShaderLibrary: Display: ShaderCodeLibraryPakFileMountedCallback: pending pak file info (ChunkID:-1 Root:root:/ File:C:/Program Files/Epic Games/UE_4.27/FeaturePacks/TP_VirtualRealityBP.upack)
[2022.09.05-05.28.08:376][  0]LogPakFile: OnPakFileMounted2Time == 0.000027
[2022.09.05-05.28.08:742][  0]LogSlate: Only BGRA pngs, bmps or icos are supported in by External Image Picker
[2022.09.05-05.28.08:821][  0]LogSlate: Took 0.000204 seconds to synchronously load lazily loaded font '../../../Engine/Content/Slate/Fonts/Roboto-Regular.ttf' (155K)
[2022.09.05-05.28.08:823][  0]LogSlate: Took 0.001429 seconds to synchronously load lazily loaded font '../../../Engine/Content/Editor/Slate/Fonts/NanumGothic.ttf' (4243K)
[2022.09.05-05.28.08:824][  0]LogSlate: Took 0.000223 seconds to synchronously load lazily loaded font '../../../Engine/Content/Editor/Slate/Fonts/FontAwesome.ttf' (139K)
[2022.09.05-05.28.08:828][  0]LogSlate: Took 0.001319 seconds to synchronously load lazily loaded font '../../../Engine/Content/Editor/Slate/Fonts/NanumGothicBold.ttf' (4188K)
[2022.09.05-05.28.08:828][  0]LogSlate: Took 0.000082 seconds to synchronously load lazily loaded font '../../../Engine/Content/Slate/Fonts/Roboto-Bold.ttf' (160K)
[2022.09.05-05.28.08:895][  0]LogRenderer: Reallocating scene render targets to support 860x452 Format 10 NumSamples 1 (Frame:1).
[2022.09.05-05.28.08:997][  0]LogLoad: (Engine Initialization) Total time: 7.50 seconds
[2022.09.05-05.28.08:997][  0]LogLoad: (Engine Initialization) Total Blueprint compile time: 0.00 seconds
[2022.09.05-05.28.09:055][  0]LogAssetRegistry: Asset discovery search completed in 4.9529 seconds
[2022.09.05-05.28.09:062][  0]LogCollectionManager: Fixed up redirectors for 0 collections in 0.000002 seconds (updated 0 objects)
[2022.09.05-05.28.09:063][  0]LogContentStreaming: Texture pool size now 1000 MB
[2022.09.05-05.28.09:180][  2]LogNativeClassHierarchy: Verbose: Native class hierarchy populated in 0.0095 seconds. Added 3835 classes and 938 folders.
[2022.09.05-05.28.09:190][  2]LogSlate: Took 0.000115 seconds to synchronously load lazily loaded font '../../../Engine/Content/Slate/Fonts/Roboto-Light.ttf' (167K)
